<?xml version="1.0" encoding="UTF-8"?>
<coverage generated="1599964348351" clover="3.2.0">
  <project timestamp="1599964348352" name="All files">
    <metrics statements="259" coveredstatements="248" conditionals="96" coveredconditionals="94" methods="17" coveredmethods="16" elements="372" coveredelements="358" complexity="0" loc="259" ncloc="259" packages="1" files="3" classes="3"/>
    <file name="entries.js" path="C:\Users\Ronny\Desktop\projects\iKaizen\server\controllers\entries.js">
      <metrics statements="114" coveredstatements="108" conditionals="37" coveredconditionals="35" methods="7" coveredmethods="7"/>
      <line num="1" count="3" type="stmt"/>
      <line num="3" count="3" type="stmt"/>
      <line num="4" count="3" type="stmt"/>
      <line num="5" count="3" type="stmt"/>
      <line num="6" count="3" type="stmt"/>
      <line num="7" count="3" type="stmt"/>
      <line num="9" count="3" type="stmt"/>
      <line num="10" count="4" type="stmt"/>
      <line num="12" count="4" type="stmt"/>
      <line num="13" count="4" type="stmt"/>
      <line num="15" count="1" type="stmt"/>
      <line num="18" count="3" type="cond" truecount="2" falsecount="0"/>
      <line num="19" count="1" type="stmt"/>
      <line num="22" count="2" type="cond" truecount="2" falsecount="0"/>
      <line num="23" count="1" type="stmt"/>
      <line num="26" count="1" type="stmt"/>
      <line num="32" count="3" type="stmt"/>
      <line num="33" count="10" type="stmt"/>
      <line num="34" count="10" type="stmt"/>
      <line num="38" count="10" type="stmt"/>
      <line num="39" count="10" type="cond" truecount="2" falsecount="0"/>
      <line num="40" count="3" type="stmt"/>
      <line num="42" count="3" type="cond" truecount="2" falsecount="0"/>
      <line num="43" count="1" type="stmt"/>
      <line num="46" count="2" type="stmt"/>
      <line num="47" count="2" type="stmt"/>
      <line num="49" count="7" type="stmt"/>
      <line num="52" count="0" type="stmt"/>
      <line num="55" count="9" type="stmt"/>
      <line num="57" count="9" type="stmt"/>
      <line num="58" count="9" type="stmt"/>
      <line num="60" count="9" type="stmt"/>
      <line num="61" count="49" type="stmt"/>
      <line num="69" count="49" type="stmt"/>
      <line num="72" count="9" type="stmt"/>
      <line num="73" count="44" type="stmt"/>
      <line num="75" count="44" type="stmt"/>
      <line num="77" count="44" type="stmt"/>
      <line num="80" count="9" type="stmt"/>
      <line num="84" count="0" type="stmt"/>
      <line num="85" count="0" type="stmt"/>
      <line num="88" count="9" type="stmt"/>
      <line num="89" count="9" type="stmt"/>
      <line num="91" count="9" type="stmt"/>
      <line num="93" count="9" type="stmt"/>
      <line num="99" count="3" type="stmt"/>
      <line num="100" count="10" type="stmt"/>
      <line num="101" count="10" type="stmt"/>
      <line num="103" count="10" type="stmt"/>
      <line num="104" count="10" type="stmt"/>
      <line num="106" count="1" type="stmt"/>
      <line num="109" count="9" type="cond" truecount="2" falsecount="0"/>
      <line num="110" count="1" type="stmt"/>
      <line num="113" count="8" type="cond" truecount="2" falsecount="0"/>
      <line num="114" count="1" type="stmt"/>
      <line num="117" count="7" type="cond" truecount="2" falsecount="0"/>
      <line num="118" count="2" type="stmt"/>
      <line num="121" count="5" type="cond" truecount="2" falsecount="0"/>
      <line num="122" count="3" type="stmt"/>
      <line num="128" count="2" type="stmt"/>
      <line num="129" count="6" type="cond" truecount="2" falsecount="2"/>
      <line num="130" count="0" type="stmt"/>
      <line num="136" count="2" type="stmt"/>
      <line num="137" count="68" type="stmt"/>
      <line num="140" count="2" type="stmt"/>
      <line num="141" count="4" type="cond" truecount="2" falsecount="0"/>
      <line num="142" count="1" type="stmt"/>
      <line num="148" count="1" type="stmt"/>
      <line num="149" count="1" type="stmt"/>
      <line num="151" count="0" type="stmt"/>
      <line num="154" count="1" type="stmt"/>
      <line num="160" count="3" type="stmt"/>
      <line num="161" count="4" type="stmt"/>
      <line num="162" count="4" type="stmt"/>
      <line num="164" count="4" type="stmt"/>
      <line num="165" count="4" type="stmt"/>
      <line num="167" count="1" type="stmt"/>
      <line num="170" count="3" type="cond" truecount="2" falsecount="0"/>
      <line num="171" count="1" type="stmt"/>
      <line num="174" count="2" type="cond" truecount="2" falsecount="0"/>
      <line num="175" count="1" type="stmt"/>
      <line num="178" count="1" type="stmt"/>
      <line num="179" count="1" type="stmt"/>
      <line num="181" count="1" type="stmt"/>
      <line num="182" count="6" type="cond" truecount="2" falsecount="0"/>
      <line num="183" count="3" type="stmt"/>
      <line num="185" count="3" type="stmt"/>
      <line num="191" count="1" type="stmt"/>
      <line num="192" count="1" type="stmt"/>
      <line num="194" count="0" type="stmt"/>
      <line num="197" count="1" type="stmt"/>
      <line num="203" count="3" type="stmt"/>
      <line num="204" count="8" type="stmt"/>
      <line num="205" count="8" type="stmt"/>
      <line num="207" count="8" type="stmt"/>
      <line num="208" count="8" type="stmt"/>
      <line num="210" count="1" type="stmt"/>
      <line num="213" count="7" type="cond" truecount="2" falsecount="0"/>
      <line num="214" count="1" type="stmt"/>
      <line num="217" count="6" type="stmt"/>
      <line num="219" count="6" type="cond" truecount="2" falsecount="0"/>
      <line num="220" count="1" type="stmt"/>
      <line num="223" count="5" type="stmt"/>
      <line num="225" count="5" type="cond" truecount="5" falsecount="0"/>
      <line num="226" count="3" type="stmt"/>
      <line num="231" count="2" type="stmt"/>
      <line num="233" count="2" type="stmt"/>
      <line num="234" count="2" type="stmt"/>
      <line num="235" count="1" type="stmt"/>
      <line num="237" count="1" type="stmt"/>
      <line num="238" count="1" type="stmt"/>
      <line num="240" count="1" type="stmt"/>
      <line num="243" count="2" type="stmt"/>
      <line num="246" count="3" type="stmt"/>
    </file>
    <file name="habits.js" path="C:\Users\Ronny\Desktop\projects\iKaizen\server\controllers\habits.js">
      <metrics statements="44" coveredstatements="42" conditionals="18" coveredconditionals="18" methods="2" coveredmethods="2"/>
      <line num="1" count="3" type="stmt"/>
      <line num="2" count="3" type="stmt"/>
      <line num="3" count="3" type="stmt"/>
      <line num="4" count="3" type="stmt"/>
      <line num="5" count="3" type="stmt"/>
      <line num="8" count="3" type="stmt"/>
      <line num="9" count="14" type="stmt"/>
      <line num="12" count="14" type="stmt"/>
      <line num="13" count="14" type="stmt"/>
      <line num="15" count="1" type="stmt"/>
      <line num="19" count="13" type="cond" truecount="2" falsecount="0"/>
      <line num="20" count="1" type="stmt"/>
      <line num="24" count="12" type="cond" truecount="2" falsecount="0"/>
      <line num="25" count="1" type="stmt"/>
      <line num="28" count="11" type="stmt"/>
      <line num="29" count="11" type="cond" truecount="6" falsecount="0"/>
      <line num="30" count="2" type="stmt"/>
      <line num="33" count="9" type="stmt"/>
      <line num="34" count="9" type="stmt"/>
      <line num="36" count="9" type="stmt"/>
      <line num="37" count="36" type="cond" truecount="4" falsecount="0"/>
      <line num="38" count="19" type="stmt"/>
      <line num="42" count="9" type="stmt"/>
      <line num="43" count="9" type="stmt"/>
      <line num="45" count="0" type="stmt"/>
      <line num="48" count="9" type="stmt"/>
      <line num="51" count="3" type="stmt"/>
      <line num="52" count="9" type="stmt"/>
      <line num="55" count="9" type="stmt"/>
      <line num="56" count="9" type="stmt"/>
      <line num="58" count="1" type="stmt"/>
      <line num="62" count="8" type="cond" truecount="2" falsecount="0"/>
      <line num="63" count="1" type="stmt"/>
      <line num="67" count="7" type="cond" truecount="2" falsecount="0"/>
      <line num="68" count="1" type="stmt"/>
      <line num="76" count="6" type="stmt"/>
      <line num="77" count="6" type="stmt"/>
      <line num="79" count="6" type="stmt"/>
      <line num="80" count="6" type="stmt"/>
      <line num="82" count="6" type="stmt"/>
      <line num="87" count="6" type="stmt"/>
      <line num="92" count="0" type="stmt"/>
      <line num="95" count="6" type="stmt"/>
      <line num="98" count="3" type="stmt"/>
    </file>
    <file name="users.js" path="C:\Users\Ronny\Desktop\projects\iKaizen\server\controllers\users.js">
      <metrics statements="101" coveredstatements="98" conditionals="41" coveredconditionals="41" methods="8" coveredmethods="7"/>
      <line num="1" count="3" type="stmt"/>
      <line num="2" count="3" type="stmt"/>
      <line num="3" count="3" type="stmt"/>
      <line num="4" count="3" type="stmt"/>
      <line num="5" count="3" type="stmt"/>
      <line num="6" count="3" type="stmt"/>
      <line num="7" count="3" type="stmt"/>
      <line num="8" count="3" type="stmt"/>
      <line num="9" count="3" type="stmt"/>
      <line num="10" count="3" type="stmt"/>
      <line num="12" count="3" type="stmt"/>
      <line num="13" count="7" type="stmt"/>
      <line num="14" count="7" type="stmt"/>
      <line num="19" count="7" type="cond" truecount="2" falsecount="0"/>
      <line num="20" count="3" type="stmt"/>
      <line num="23" count="4" type="stmt"/>
      <line num="25" count="4" type="stmt"/>
      <line num="26" count="4" type="stmt"/>
      <line num="34" count="3" type="stmt"/>
      <line num="37" count="4" type="stmt"/>
      <line num="40" count="3" type="stmt"/>
      <line num="41" count="16" type="stmt"/>
      <line num="42" count="16" type="stmt"/>
      <line num="51" count="16" type="stmt"/>
      <line num="52" count="96" type="cond" truecount="2" falsecount="0"/>
      <line num="53" count="35" type="cond" truecount="2" falsecount="0"/>
      <line num="54" count="5" type="stmt"/>
      <line num="55" count="5" type="stmt"/>
      <line num="57" count="30" type="stmt"/>
      <line num="62" count="16" type="cond" truecount="2" falsecount="0"/>
      <line num="63" count="1" type="stmt"/>
      <line num="66" count="15" type="stmt"/>
      <line num="67" count="15" type="stmt"/>
      <line num="69" count="0" type="stmt"/>
      <line num="74" count="15" type="stmt"/>
      <line num="77" count="3" type="stmt"/>
      <line num="78" count="18" type="cond" truecount="2" falsecount="0"/>
      <line num="79" count="2" type="stmt"/>
      <line num="82" count="16" type="stmt"/>
      <line num="84" count="16" type="stmt"/>
      <line num="86" count="16" type="cond" truecount="2" falsecount="0"/>
      <line num="87" count="1" type="stmt"/>
      <line num="88" count="1" type="stmt"/>
      <line num="90" count="1" type="stmt"/>
      <line num="95" count="1" type="stmt"/>
      <line num="96" count="15" type="cond" truecount="2" falsecount="0"/>
      <line num="97" count="1" type="stmt"/>
      <line num="98" count="1" type="stmt"/>
      <line num="99" count="1" type="stmt"/>
      <line num="101" count="1" type="stmt"/>
      <line num="102" count="1" type="stmt"/>
      <line num="103" count="1" type="stmt"/>
      <line num="105" count="1" type="stmt"/>
      <line num="110" count="1" type="stmt"/>
      <line num="112" count="14" type="cond" truecount="4" falsecount="0"/>
      <line num="113" count="5" type="stmt"/>
      <line num="116" count="9" type="stmt"/>
      <line num="118" count="9" type="cond" truecount="2" falsecount="0"/>
      <line num="119" count="4" type="cond" truecount="2" falsecount="0"/>
      <line num="120" count="2" type="stmt"/>
      <line num="128" count="2" type="cond" truecount="2" falsecount="0"/>
      <line num="129" count="1" type="stmt"/>
      <line num="134" count="1" type="stmt"/>
      <line num="137" count="2" type="stmt"/>
      <line num="140" count="5" type="cond" truecount="2" falsecount="0"/>
      <line num="141" count="2" type="stmt"/>
      <line num="149" count="2" type="cond" truecount="2" falsecount="0"/>
      <line num="150" count="1" type="stmt"/>
      <line num="155" count="1" type="stmt"/>
      <line num="157" count="3" type="stmt"/>
      <line num="162" count="3" type="stmt"/>
      <line num="163" count="22" type="stmt"/>
      <line num="165" count="22" type="cond" truecount="4" falsecount="0"/>
      <line num="167" count="1" type="stmt"/>
      <line num="169" count="21" type="stmt"/>
      <line num="172" count="21" type="stmt"/>
      <line num="174" count="21" type="cond" truecount="5" falsecount="0"/>
      <line num="175" count="1" type="stmt"/>
      <line num="180" count="20" type="stmt"/>
      <line num="185" count="20" type="stmt"/>
      <line num="186" count="20" type="cond" truecount="2" falsecount="0"/>
      <line num="187" count="10" type="stmt"/>
      <line num="188" count="10" type="stmt"/>
      <line num="190" count="10" type="stmt"/>
      <line num="192" count="10" type="stmt"/>
      <line num="195" count="10" type="stmt"/>
      <line num="197" count="10" type="stmt"/>
      <line num="200" count="0" type="stmt"/>
      <line num="203" count="10" type="stmt"/>
      <line num="206" count="3" type="stmt"/>
      <line num="207" count="56" type="stmt"/>
      <line num="210" count="3" type="stmt"/>
      <line num="211" count="6" type="stmt"/>
      <line num="212" count="6" type="stmt"/>
      <line num="215" count="3" type="stmt"/>
      <line num="217" count="10" type="cond" truecount="2" falsecount="0"/>
      <line num="218" count="4" type="stmt"/>
      <line num="221" count="6" type="stmt"/>
      <line num="224" count="3" type="stmt"/>
      <line num="225" count="0" type="stmt"/>
      <line num="230" count="3" type="stmt"/>
    </file>
  </project>
</coverage>
