{"C:\\Users\\Ronny\\Desktop\\projects\\iKaizen\\server\\controllers\\entries.js": {"path":"C:\\Users\\Ronny\\Desktop\\projects\\iKaizen\\server\\controllers\\entries.js","statementMap":{"0":{"start":{"line":1,"column":22},"end":{"line":1,"column":49}},"1":{"start":{"line":3,"column":18},"end":{"line":3,"column":38}},"2":{"start":{"line":4,"column":22},"end":{"line":4,"column":60}},"3":{"start":{"line":5,"column":14},"end":{"line":5,"column":40}},"4":{"start":{"line":6,"column":14},"end":{"line":6,"column":40}},"5":{"start":{"line":8,"column":0},"end":{"line":26,"column":3}},"6":{"start":{"line":9,"column":13},"end":{"line":9,"column":26}},"7":{"start":{"line":11,"column":2},"end":{"line":15,"column":3}},"8":{"start":{"line":12,"column":16},"end":{"line":12,"column":40}},"9":{"start":{"line":14,"column":4},"end":{"line":14,"column":57}},"10":{"start":{"line":17,"column":2},"end":{"line":19,"column":3}},"11":{"start":{"line":18,"column":4},"end":{"line":18,"column":67}},"12":{"start":{"line":21,"column":2},"end":{"line":23,"column":3}},"13":{"start":{"line":22,"column":4},"end":{"line":22,"column":59}},"14":{"start":{"line":25,"column":2},"end":{"line":25,"column":30}},"15":{"start":{"line":28,"column":0},"end":{"line":69,"column":3}},"16":{"start":{"line":29,"column":44},"end":{"line":29,"column":52}},"17":{"start":{"line":31,"column":2},"end":{"line":48,"column":3}},"18":{"start":{"line":32,"column":4},"end":{"line":41,"column":5}},"19":{"start":{"line":33,"column":6},"end":{"line":33,"column":36}},"20":{"start":{"line":34,"column":6},"end":{"line":38,"column":7}},"21":{"start":{"line":35,"column":8},"end":{"line":35,"column":58}},"22":{"start":{"line":37,"column":8},"end":{"line":37,"column":48}},"23":{"start":{"line":40,"column":6},"end":{"line":40,"column":61}},"24":{"start":{"line":43,"column":4},"end":{"line":47,"column":5}},"25":{"start":{"line":44,"column":6},"end":{"line":44,"column":50}},"26":{"start":{"line":46,"column":6},"end":{"line":46,"column":40}},"27":{"start":{"line":49,"column":2},"end":{"line":68,"column":3}},"28":{"start":{"line":50,"column":30},"end":{"line":50,"column":61}},"29":{"start":{"line":52,"column":4},"end":{"line":60,"column":5}},"30":{"start":{"line":53,"column":20},"end":{"line":58,"column":8}},"31":{"start":{"line":59,"column":6},"end":{"line":59,"column":46}},"32":{"start":{"line":61,"column":4},"end":{"line":63,"column":6}},"33":{"start":{"line":64,"column":4},"end":{"line":64,"column":33}},"34":{"start":{"line":65,"column":4},"end":{"line":65,"column":40}},"35":{"start":{"line":67,"column":4},"end":{"line":67,"column":60}},"36":{"start":{"line":71,"column":0},"end":{"line":86,"column":3}},"37":{"start":{"line":72,"column":2},"end":{"line":76,"column":3}},"38":{"start":{"line":73,"column":16},"end":{"line":73,"column":40}},"39":{"start":{"line":75,"column":4},"end":{"line":75,"column":57}},"40":{"start":{"line":77,"column":2},"end":{"line":79,"column":3}},"41":{"start":{"line":78,"column":4},"end":{"line":78,"column":67}},"42":{"start":{"line":80,"column":2},"end":{"line":82,"column":3}},"43":{"start":{"line":81,"column":4},"end":{"line":81,"column":59}},"44":{"start":{"line":83,"column":2},"end":{"line":85,"column":3}},"45":{"start":{"line":84,"column":4},"end":{"line":84,"column":62}},"46":{"start":{"line":88,"column":0},"end":{"line":88,"column":31}}},"fnMap":{"0":{"name":"(anonymous_0)","decl":{"start":{"line":8,"column":41},"end":{"line":8,"column":42}},"loc":{"start":{"line":8,"column":61},"end":{"line":26,"column":1}},"line":8},"1":{"name":"(anonymous_1)","decl":{"start":{"line":28,"column":39},"end":{"line":28,"column":40}},"loc":{"start":{"line":28,"column":59},"end":{"line":69,"column":1}},"line":28},"2":{"name":"(anonymous_2)","decl":{"start":{"line":71,"column":41},"end":{"line":71,"column":42}},"loc":{"start":{"line":71,"column":61},"end":{"line":86,"column":1}},"line":71}},"branchMap":{"0":{"loc":{"start":{"line":17,"column":2},"end":{"line":19,"column":3}},"type":"if","locations":[{"start":{"line":17,"column":2},"end":{"line":19,"column":3}},{"start":{"line":17,"column":2},"end":{"line":19,"column":3}}],"line":17},"1":{"loc":{"start":{"line":21,"column":2},"end":{"line":23,"column":3}},"type":"if","locations":[{"start":{"line":21,"column":2},"end":{"line":23,"column":3}},{"start":{"line":21,"column":2},"end":{"line":23,"column":3}}],"line":21},"2":{"loc":{"start":{"line":31,"column":2},"end":{"line":48,"column":3}},"type":"if","locations":[{"start":{"line":31,"column":2},"end":{"line":48,"column":3}},{"start":{"line":31,"column":2},"end":{"line":48,"column":3}}],"line":31},"3":{"loc":{"start":{"line":32,"column":4},"end":{"line":41,"column":5}},"type":"if","locations":[{"start":{"line":32,"column":4},"end":{"line":41,"column":5}},{"start":{"line":32,"column":4},"end":{"line":41,"column":5}}],"line":32},"4":{"loc":{"start":{"line":34,"column":6},"end":{"line":38,"column":7}},"type":"if","locations":[{"start":{"line":34,"column":6},"end":{"line":38,"column":7}},{"start":{"line":34,"column":6},"end":{"line":38,"column":7}}],"line":34},"5":{"loc":{"start":{"line":43,"column":4},"end":{"line":47,"column":5}},"type":"if","locations":[{"start":{"line":43,"column":4},"end":{"line":47,"column":5}},{"start":{"line":43,"column":4},"end":{"line":47,"column":5}}],"line":43},"6":{"loc":{"start":{"line":77,"column":2},"end":{"line":79,"column":3}},"type":"if","locations":[{"start":{"line":77,"column":2},"end":{"line":79,"column":3}},{"start":{"line":77,"column":2},"end":{"line":79,"column":3}}],"line":77},"7":{"loc":{"start":{"line":80,"column":2},"end":{"line":82,"column":3}},"type":"if","locations":[{"start":{"line":80,"column":2},"end":{"line":82,"column":3}},{"start":{"line":80,"column":2},"end":{"line":82,"column":3}}],"line":80},"8":{"loc":{"start":{"line":83,"column":2},"end":{"line":85,"column":3}},"type":"if","locations":[{"start":{"line":83,"column":2},"end":{"line":85,"column":3}},{"start":{"line":83,"column":2},"end":{"line":85,"column":3}}],"line":83}},"s":{"0":3,"1":3,"2":3,"3":3,"4":3,"5":3,"6":4,"7":4,"8":4,"9":1,"10":3,"11":1,"12":2,"13":1,"14":1,"15":3,"16":0,"17":0,"18":0,"19":0,"20":0,"21":0,"22":0,"23":0,"24":0,"25":0,"26":0,"27":0,"28":0,"29":0,"30":0,"31":0,"32":0,"33":0,"34":0,"35":0,"36":3,"37":0,"38":0,"39":0,"40":0,"41":0,"42":0,"43":0,"44":0,"45":0,"46":3},"f":{"0":4,"1":0,"2":0},"b":{"0":[1,2],"1":[1,1],"2":[0,0],"3":[0,0],"4":[0,0],"5":[0,0],"6":[0,0],"7":[0,0],"8":[0,0]},"_coverageSchema":"1a1c01bbd47fc00a2c39e90264f33305004495a9","hash":"c7868c158b4b19967aae7cc24ffd0d17b57f870b"}
,"C:\\Users\\Ronny\\Desktop\\projects\\iKaizen\\server\\controllers\\habits.js": {"path":"C:\\Users\\Ronny\\Desktop\\projects\\iKaizen\\server\\controllers\\habits.js","statementMap":{"0":{"start":{"line":1,"column":21},"end":{"line":1,"column":48}},"1":{"start":{"line":2,"column":22},"end":{"line":2,"column":60}},"2":{"start":{"line":3,"column":13},"end":{"line":3,"column":38}},"3":{"start":{"line":4,"column":14},"end":{"line":4,"column":40}},"4":{"start":{"line":5,"column":14},"end":{"line":5,"column":40}},"5":{"start":{"line":8,"column":0},"end":{"line":49,"column":3}},"6":{"start":{"line":9,"column":13},"end":{"line":9,"column":26}},"7":{"start":{"line":12,"column":2},"end":{"line":16,"column":3}},"8":{"start":{"line":13,"column":16},"end":{"line":13,"column":40}},"9":{"start":{"line":15,"column":4},"end":{"line":15,"column":57}},"10":{"start":{"line":19,"column":2},"end":{"line":21,"column":3}},"11":{"start":{"line":20,"column":4},"end":{"line":20,"column":67}},"12":{"start":{"line":24,"column":2},"end":{"line":26,"column":3}},"13":{"start":{"line":25,"column":4},"end":{"line":25,"column":59}},"14":{"start":{"line":28,"column":51},"end":{"line":28,"column":59}},"15":{"start":{"line":29,"column":2},"end":{"line":31,"column":3}},"16":{"start":{"line":30,"column":4},"end":{"line":30,"column":33}},"17":{"start":{"line":33,"column":20},"end":{"line":33,"column":22}},"18":{"start":{"line":34,"column":17},"end":{"line":34,"column":63}},"19":{"start":{"line":36,"column":2},"end":{"line":40,"column":3}},"20":{"start":{"line":37,"column":4},"end":{"line":39,"column":5}},"21":{"start":{"line":38,"column":6},"end":{"line":38,"column":41}},"22":{"start":{"line":42,"column":2},"end":{"line":46,"column":3}},"23":{"start":{"line":43,"column":4},"end":{"line":43,"column":56}},"24":{"start":{"line":45,"column":4},"end":{"line":45,"column":64}},"25":{"start":{"line":48,"column":2},"end":{"line":48,"column":24}},"26":{"start":{"line":51,"column":0},"end":{"line":96,"column":3}},"27":{"start":{"line":52,"column":13},"end":{"line":52,"column":26}},"28":{"start":{"line":55,"column":2},"end":{"line":59,"column":3}},"29":{"start":{"line":56,"column":16},"end":{"line":56,"column":40}},"30":{"start":{"line":58,"column":4},"end":{"line":58,"column":57}},"31":{"start":{"line":62,"column":2},"end":{"line":64,"column":3}},"32":{"start":{"line":63,"column":4},"end":{"line":63,"column":67}},"33":{"start":{"line":67,"column":2},"end":{"line":69,"column":3}},"34":{"start":{"line":68,"column":4},"end":{"line":68,"column":59}},"35":{"start":{"line":76,"column":2},"end":{"line":93,"column":3}},"36":{"start":{"line":77,"column":4},"end":{"line":77,"column":45}},"37":{"start":{"line":79,"column":19},"end":{"line":79,"column":29}},"38":{"start":{"line":80,"column":21},"end":{"line":80,"column":34}},"39":{"start":{"line":82,"column":4},"end":{"line":85,"column":6}},"40":{"start":{"line":87,"column":4},"end":{"line":90,"column":6}},"41":{"start":{"line":92,"column":4},"end":{"line":92,"column":68}},"42":{"start":{"line":95,"column":2},"end":{"line":95,"column":24}},"43":{"start":{"line":98,"column":0},"end":{"line":98,"column":30}}},"fnMap":{"0":{"name":"(anonymous_0)","decl":{"start":{"line":8,"column":40},"end":{"line":8,"column":41}},"loc":{"start":{"line":8,"column":60},"end":{"line":49,"column":1}},"line":8},"1":{"name":"(anonymous_1)","decl":{"start":{"line":51,"column":43},"end":{"line":51,"column":44}},"loc":{"start":{"line":51,"column":63},"end":{"line":96,"column":1}},"line":51}},"branchMap":{"0":{"loc":{"start":{"line":19,"column":2},"end":{"line":21,"column":3}},"type":"if","locations":[{"start":{"line":19,"column":2},"end":{"line":21,"column":3}},{"start":{"line":19,"column":2},"end":{"line":21,"column":3}}],"line":19},"1":{"loc":{"start":{"line":24,"column":2},"end":{"line":26,"column":3}},"type":"if","locations":[{"start":{"line":24,"column":2},"end":{"line":26,"column":3}},{"start":{"line":24,"column":2},"end":{"line":26,"column":3}}],"line":24},"2":{"loc":{"start":{"line":29,"column":2},"end":{"line":31,"column":3}},"type":"if","locations":[{"start":{"line":29,"column":2},"end":{"line":31,"column":3}},{"start":{"line":29,"column":2},"end":{"line":31,"column":3}}],"line":29},"3":{"loc":{"start":{"line":29,"column":6},"end":{"line":29,"column":52}},"type":"binary-expr","locations":[{"start":{"line":29,"column":6},"end":{"line":29,"column":11}},{"start":{"line":29,"column":15},"end":{"line":29,"column":24}},{"start":{"line":29,"column":28},"end":{"line":29,"column":37}},{"start":{"line":29,"column":41},"end":{"line":29,"column":52}}],"line":29},"4":{"loc":{"start":{"line":37,"column":4},"end":{"line":39,"column":5}},"type":"if","locations":[{"start":{"line":37,"column":4},"end":{"line":39,"column":5}},{"start":{"line":37,"column":4},"end":{"line":39,"column":5}}],"line":37},"5":{"loc":{"start":{"line":37,"column":8},"end":{"line":37,"column":63}},"type":"binary-expr","locations":[{"start":{"line":37,"column":8},"end":{"line":37,"column":23}},{"start":{"line":37,"column":27},"end":{"line":37,"column":63}}],"line":37},"6":{"loc":{"start":{"line":62,"column":2},"end":{"line":64,"column":3}},"type":"if","locations":[{"start":{"line":62,"column":2},"end":{"line":64,"column":3}},{"start":{"line":62,"column":2},"end":{"line":64,"column":3}}],"line":62},"7":{"loc":{"start":{"line":67,"column":2},"end":{"line":69,"column":3}},"type":"if","locations":[{"start":{"line":67,"column":2},"end":{"line":69,"column":3}},{"start":{"line":67,"column":2},"end":{"line":69,"column":3}}],"line":67}},"s":{"0":3,"1":3,"2":3,"3":3,"4":3,"5":3,"6":14,"7":14,"8":14,"9":1,"10":13,"11":1,"12":12,"13":1,"14":11,"15":11,"16":2,"17":9,"18":9,"19":9,"20":36,"21":19,"22":9,"23":9,"24":0,"25":9,"26":3,"27":4,"28":4,"29":4,"30":1,"31":3,"32":1,"33":2,"34":1,"35":1,"36":1,"37":1,"38":1,"39":1,"40":1,"41":0,"42":1,"43":3},"f":{"0":14,"1":4},"b":{"0":[1,12],"1":[1,11],"2":[2,9],"3":[11,7,4,4],"4":[19,17],"5":[36,22],"6":[1,2],"7":[1,1]},"_coverageSchema":"1a1c01bbd47fc00a2c39e90264f33305004495a9","hash":"c0f6c2a43206eff5b19d8b7df15251f53f6462b4"}
,"C:\\Users\\Ronny\\Desktop\\projects\\iKaizen\\server\\controllers\\users.js": {"path":"C:\\Users\\Ronny\\Desktop\\projects\\iKaizen\\server\\controllers\\users.js","statementMap":{"0":{"start":{"line":1,"column":20},"end":{"line":1,"column":47}},"1":{"start":{"line":2,"column":15},"end":{"line":2,"column":32}},"2":{"start":{"line":3,"column":18},"end":{"line":3,"column":38}},"3":{"start":{"line":4,"column":17},"end":{"line":4,"column":36}},"4":{"start":{"line":5,"column":22},"end":{"line":5,"column":60}},"5":{"start":{"line":6,"column":28},"end":{"line":6,"column":67}},"6":{"start":{"line":7,"column":13},"end":{"line":7,"column":38}},"7":{"start":{"line":8,"column":14},"end":{"line":8,"column":40}},"8":{"start":{"line":9,"column":14},"end":{"line":9,"column":40}},"9":{"start":{"line":11,"column":0},"end":{"line":37,"column":3}},"10":{"start":{"line":12,"column":61},"end":{"line":12,"column":69}},"11":{"start":{"line":13,"column":43},"end":{"line":16,"column":3}},"12":{"start":{"line":18,"column":2},"end":{"line":20,"column":3}},"13":{"start":{"line":19,"column":4},"end":{"line":19,"column":52}},"14":{"start":{"line":22,"column":23},"end":{"line":22,"column":54}},"15":{"start":{"line":24,"column":2},"end":{"line":34,"column":3}},"16":{"start":{"line":25,"column":18},"end":{"line":31,"column":6}},"17":{"start":{"line":33,"column":4},"end":{"line":33,"column":62}},"18":{"start":{"line":36,"column":2},"end":{"line":36,"column":32}},"19":{"start":{"line":39,"column":0},"end":{"line":74,"column":3}},"20":{"start":{"line":40,"column":19},"end":{"line":40,"column":21}},"21":{"start":{"line":41,"column":17},"end":{"line":48,"column":3}},"22":{"start":{"line":50,"column":2},"end":{"line":59,"column":3}},"23":{"start":{"line":51,"column":4},"end":{"line":58,"column":5}},"24":{"start":{"line":52,"column":6},"end":{"line":57,"column":7}},"25":{"start":{"line":53,"column":29},"end":{"line":53,"column":69}},"26":{"start":{"line":54,"column":8},"end":{"line":54,"column":45}},"27":{"start":{"line":56,"column":8},"end":{"line":56,"column":42}},"28":{"start":{"line":61,"column":2},"end":{"line":63,"column":3}},"29":{"start":{"line":62,"column":4},"end":{"line":62,"column":79}},"30":{"start":{"line":65,"column":2},"end":{"line":71,"column":3}},"31":{"start":{"line":66,"column":4},"end":{"line":66,"column":57}},"32":{"start":{"line":68,"column":4},"end":{"line":70,"column":61}},"33":{"start":{"line":73,"column":2},"end":{"line":73,"column":31}},"34":{"start":{"line":76,"column":0},"end":{"line":145,"column":3}},"35":{"start":{"line":77,"column":48},"end":{"line":77,"column":57}},"36":{"start":{"line":78,"column":17},"end":{"line":78,"column":29}},"37":{"start":{"line":79,"column":15},"end":{"line":79,"column":25}},"38":{"start":{"line":80,"column":21},"end":{"line":80,"column":34}},"39":{"start":{"line":81,"column":22},"end":{"line":81,"column":36}},"40":{"start":{"line":82,"column":23},"end":{"line":82,"column":38}},"41":{"start":{"line":83,"column":22},"end":{"line":83,"column":40}},"42":{"start":{"line":86,"column":2},"end":{"line":88,"column":3}},"43":{"start":{"line":87,"column":4},"end":{"line":87,"column":68}},"44":{"start":{"line":89,"column":2},"end":{"line":144,"column":3}},"45":{"start":{"line":90,"column":4},"end":{"line":141,"column":5}},"46":{"start":{"line":91,"column":29},"end":{"line":91,"column":39}},"47":{"start":{"line":92,"column":28},"end":{"line":92,"column":38}},"48":{"start":{"line":94,"column":8},"end":{"line":94,"column":57}},"49":{"start":{"line":96,"column":8},"end":{"line":96,"column":63}},"50":{"start":{"line":97,"column":6},"end":{"line":97,"column":78}},"51":{"start":{"line":98,"column":6},"end":{"line":98,"column":75}},"52":{"start":{"line":100,"column":24},"end":{"line":103,"column":8}},"53":{"start":{"line":104,"column":6},"end":{"line":104,"column":28}},"54":{"start":{"line":105,"column":11},"end":{"line":141,"column":5}},"55":{"start":{"line":106,"column":25},"end":{"line":109,"column":8}},"56":{"start":{"line":110,"column":6},"end":{"line":110,"column":29}},"57":{"start":{"line":113,"column":6},"end":{"line":140,"column":7}},"58":{"start":{"line":114,"column":8},"end":{"line":114,"column":62}},"59":{"start":{"line":117,"column":11},"end":{"line":140,"column":7}},"60":{"start":{"line":118,"column":25},"end":{"line":118,"column":50}},"61":{"start":{"line":119,"column":8},"end":{"line":127,"column":9}},"62":{"start":{"line":120,"column":35},"end":{"line":123,"column":12}},"63":{"start":{"line":124,"column":10},"end":{"line":124,"column":39}},"64":{"start":{"line":126,"column":10},"end":{"line":126,"column":64}},"65":{"start":{"line":130,"column":25},"end":{"line":130,"column":55}},"66":{"start":{"line":131,"column":8},"end":{"line":139,"column":9}},"67":{"start":{"line":132,"column":37},"end":{"line":135,"column":12}},"68":{"start":{"line":136,"column":10},"end":{"line":136,"column":41}},"69":{"start":{"line":138,"column":10},"end":{"line":138,"column":64}},"70":{"start":{"line":143,"column":4},"end":{"line":143,"column":60}},"71":{"start":{"line":147,"column":0},"end":{"line":189,"column":3}},"72":{"start":{"line":148,"column":22},"end":{"line":148,"column":26}},"73":{"start":{"line":150,"column":2},"end":{"line":155,"column":3}},"74":{"start":{"line":152,"column":4},"end":{"line":152,"column":67}},"75":{"start":{"line":154,"column":4},"end":{"line":154,"column":53}},"76":{"start":{"line":157,"column":29},"end":{"line":157,"column":37}},"77":{"start":{"line":159,"column":2},"end":{"line":163,"column":3}},"78":{"start":{"line":160,"column":4},"end":{"line":162,"column":64}},"79":{"start":{"line":165,"column":16},"end":{"line":165,"column":38}},"80":{"start":{"line":167,"column":2},"end":{"line":167,"column":30}},"81":{"start":{"line":167,"column":12},"end":{"line":167,"column":30}},"82":{"start":{"line":168,"column":2},"end":{"line":168,"column":63}},"83":{"start":{"line":168,"column":37},"end":{"line":168,"column":63}},"84":{"start":{"line":170,"column":2},"end":{"line":186,"column":3}},"85":{"start":{"line":171,"column":4},"end":{"line":183,"column":5}},"86":{"start":{"line":172,"column":21},"end":{"line":172,"column":46}},"87":{"start":{"line":173,"column":6},"end":{"line":173,"column":49}},"88":{"start":{"line":175,"column":6},"end":{"line":175,"column":28}},"89":{"start":{"line":177,"column":6},"end":{"line":177,"column":44}},"90":{"start":{"line":180,"column":6},"end":{"line":180,"column":65}},"91":{"start":{"line":182,"column":6},"end":{"line":182,"column":28}},"92":{"start":{"line":185,"column":4},"end":{"line":185,"column":58}},"93":{"start":{"line":188,"column":2},"end":{"line":188,"column":24}},"94":{"start":{"line":191,"column":0},"end":{"line":193,"column":3}},"95":{"start":{"line":192,"column":2},"end":{"line":192,"column":24}},"96":{"start":{"line":195,"column":0},"end":{"line":198,"column":3}},"97":{"start":{"line":196,"column":2},"end":{"line":196,"column":15}},"98":{"start":{"line":197,"column":2},"end":{"line":197,"column":24}},"99":{"start":{"line":200,"column":0},"end":{"line":207,"column":3}},"100":{"start":{"line":202,"column":2},"end":{"line":204,"column":3}},"101":{"start":{"line":203,"column":4},"end":{"line":203,"column":45}},"102":{"start":{"line":206,"column":2},"end":{"line":206,"column":37}},"103":{"start":{"line":209,"column":0},"end":{"line":213,"column":3}},"104":{"start":{"line":210,"column":2},"end":{"line":212,"column":5}},"105":{"start":{"line":215,"column":0},"end":{"line":215,"column":29}}},"fnMap":{"0":{"name":"(anonymous_0)","decl":{"start":{"line":11,"column":22},"end":{"line":11,"column":23}},"loc":{"start":{"line":11,"column":42},"end":{"line":37,"column":1}},"line":11},"1":{"name":"(anonymous_1)","decl":{"start":{"line":39,"column":42},"end":{"line":39,"column":43}},"loc":{"start":{"line":39,"column":62},"end":{"line":74,"column":1}},"line":39},"2":{"name":"(anonymous_2)","decl":{"start":{"line":76,"column":46},"end":{"line":76,"column":47}},"loc":{"start":{"line":76,"column":66},"end":{"line":145,"column":1}},"line":76},"3":{"name":"(anonymous_3)","decl":{"start":{"line":147,"column":46},"end":{"line":147,"column":47}},"loc":{"start":{"line":147,"column":66},"end":{"line":189,"column":1}},"line":147},"4":{"name":"(anonymous_4)","decl":{"start":{"line":191,"column":59},"end":{"line":191,"column":60}},"loc":{"start":{"line":191,"column":79},"end":{"line":193,"column":1}},"line":191},"5":{"name":"(anonymous_5)","decl":{"start":{"line":195,"column":28},"end":{"line":195,"column":29}},"loc":{"start":{"line":195,"column":48},"end":{"line":198,"column":1}},"line":195},"6":{"name":"(anonymous_6)","decl":{"start":{"line":200,"column":31},"end":{"line":200,"column":32}},"loc":{"start":{"line":200,"column":45},"end":{"line":207,"column":1}},"line":200},"7":{"name":"(anonymous_7)","decl":{"start":{"line":209,"column":16},"end":{"line":209,"column":17}},"loc":{"start":{"line":209,"column":41},"end":{"line":213,"column":1}},"line":209}},"branchMap":{"0":{"loc":{"start":{"line":18,"column":2},"end":{"line":20,"column":3}},"type":"if","locations":[{"start":{"line":18,"column":2},"end":{"line":20,"column":3}},{"start":{"line":18,"column":2},"end":{"line":20,"column":3}}],"line":18},"1":{"loc":{"start":{"line":51,"column":4},"end":{"line":58,"column":5}},"type":"if","locations":[{"start":{"line":51,"column":4},"end":{"line":58,"column":5}},{"start":{"line":51,"column":4},"end":{"line":58,"column":5}}],"line":51},"2":{"loc":{"start":{"line":52,"column":6},"end":{"line":57,"column":7}},"type":"if","locations":[{"start":{"line":52,"column":6},"end":{"line":57,"column":7}},{"start":{"line":52,"column":6},"end":{"line":57,"column":7}}],"line":52},"3":{"loc":{"start":{"line":61,"column":2},"end":{"line":63,"column":3}},"type":"if","locations":[{"start":{"line":61,"column":2},"end":{"line":63,"column":3}},{"start":{"line":61,"column":2},"end":{"line":63,"column":3}}],"line":61},"4":{"loc":{"start":{"line":77,"column":28},"end":{"line":77,"column":43}},"type":"default-arg","locations":[{"start":{"line":77,"column":35},"end":{"line":77,"column":43}}],"line":77},"5":{"loc":{"start":{"line":86,"column":2},"end":{"line":88,"column":3}},"type":"if","locations":[{"start":{"line":86,"column":2},"end":{"line":88,"column":3}},{"start":{"line":86,"column":2},"end":{"line":88,"column":3}}],"line":86},"6":{"loc":{"start":{"line":90,"column":4},"end":{"line":141,"column":5}},"type":"if","locations":[{"start":{"line":90,"column":4},"end":{"line":141,"column":5}},{"start":{"line":90,"column":4},"end":{"line":141,"column":5}}],"line":90},"7":{"loc":{"start":{"line":105,"column":11},"end":{"line":141,"column":5}},"type":"if","locations":[{"start":{"line":105,"column":11},"end":{"line":141,"column":5}},{"start":{"line":105,"column":11},"end":{"line":141,"column":5}}],"line":105},"8":{"loc":{"start":{"line":113,"column":6},"end":{"line":140,"column":7}},"type":"if","locations":[{"start":{"line":113,"column":6},"end":{"line":140,"column":7}},{"start":{"line":113,"column":6},"end":{"line":140,"column":7}}],"line":113},"9":{"loc":{"start":{"line":113,"column":10},"end":{"line":113,"column":25}},"type":"binary-expr","locations":[{"start":{"line":113,"column":10},"end":{"line":113,"column":15}},{"start":{"line":113,"column":19},"end":{"line":113,"column":25}}],"line":113},"10":{"loc":{"start":{"line":117,"column":11},"end":{"line":140,"column":7}},"type":"if","locations":[{"start":{"line":117,"column":11},"end":{"line":140,"column":7}},{"start":{"line":117,"column":11},"end":{"line":140,"column":7}}],"line":117},"11":{"loc":{"start":{"line":119,"column":8},"end":{"line":127,"column":9}},"type":"if","locations":[{"start":{"line":119,"column":8},"end":{"line":127,"column":9}},{"start":{"line":119,"column":8},"end":{"line":127,"column":9}}],"line":119},"12":{"loc":{"start":{"line":131,"column":8},"end":{"line":139,"column":9}},"type":"if","locations":[{"start":{"line":131,"column":8},"end":{"line":139,"column":9}},{"start":{"line":131,"column":8},"end":{"line":139,"column":9}}],"line":131},"13":{"loc":{"start":{"line":150,"column":2},"end":{"line":155,"column":3}},"type":"if","locations":[{"start":{"line":150,"column":2},"end":{"line":155,"column":3}},{"start":{"line":150,"column":2},"end":{"line":155,"column":3}}],"line":150},"14":{"loc":{"start":{"line":150,"column":6},"end":{"line":150,"column":73}},"type":"binary-expr","locations":[{"start":{"line":150,"column":6},"end":{"line":150,"column":37}},{"start":{"line":150,"column":41},"end":{"line":150,"column":73}}],"line":150},"15":{"loc":{"start":{"line":159,"column":2},"end":{"line":163,"column":3}},"type":"if","locations":[{"start":{"line":159,"column":2},"end":{"line":163,"column":3}},{"start":{"line":159,"column":2},"end":{"line":163,"column":3}}],"line":159},"16":{"loc":{"start":{"line":159,"column":6},"end":{"line":159,"column":24}},"type":"binary-expr","locations":[{"start":{"line":159,"column":6},"end":{"line":159,"column":11}},{"start":{"line":159,"column":15},"end":{"line":159,"column":24}}],"line":159},"17":{"loc":{"start":{"line":167,"column":2},"end":{"line":167,"column":30}},"type":"if","locations":[{"start":{"line":167,"column":2},"end":{"line":167,"column":30}},{"start":{"line":167,"column":2},"end":{"line":167,"column":30}}],"line":167},"18":{"loc":{"start":{"line":168,"column":2},"end":{"line":168,"column":63}},"type":"if","locations":[{"start":{"line":168,"column":2},"end":{"line":168,"column":63}},{"start":{"line":168,"column":2},"end":{"line":168,"column":63}}],"line":168},"19":{"loc":{"start":{"line":171,"column":4},"end":{"line":183,"column":5}},"type":"if","locations":[{"start":{"line":171,"column":4},"end":{"line":183,"column":5}},{"start":{"line":171,"column":4},"end":{"line":183,"column":5}}],"line":171},"20":{"loc":{"start":{"line":202,"column":2},"end":{"line":204,"column":3}},"type":"if","locations":[{"start":{"line":202,"column":2},"end":{"line":204,"column":3}},{"start":{"line":202,"column":2},"end":{"line":204,"column":3}}],"line":202}},"s":{"0":3,"1":3,"2":3,"3":3,"4":3,"5":3,"6":3,"7":3,"8":3,"9":3,"10":7,"11":7,"12":7,"13":3,"14":4,"15":4,"16":4,"17":3,"18":4,"19":3,"20":11,"21":11,"22":11,"23":66,"24":20,"25":0,"26":0,"27":20,"28":11,"29":1,"30":10,"31":10,"32":0,"33":10,"34":3,"35":0,"36":0,"37":0,"38":0,"39":0,"40":0,"41":0,"42":0,"43":0,"44":0,"45":0,"46":0,"47":0,"48":0,"49":0,"50":0,"51":0,"52":0,"53":0,"54":0,"55":0,"56":0,"57":0,"58":0,"59":0,"60":0,"61":0,"62":0,"63":0,"64":0,"65":0,"66":0,"67":0,"68":0,"69":0,"70":0,"71":3,"72":4,"73":4,"74":1,"75":3,"76":3,"77":3,"78":1,"79":2,"80":2,"81":2,"82":2,"83":2,"84":2,"85":2,"86":1,"87":1,"88":1,"89":1,"90":1,"91":1,"92":0,"93":1,"94":3,"95":24,"96":3,"97":6,"98":6,"99":3,"100":10,"101":4,"102":6,"103":3,"104":0,"105":3},"f":{"0":7,"1":11,"2":0,"3":4,"4":24,"5":6,"6":10,"7":0},"b":{"0":[3,4],"1":[20,46],"2":[0,20],"3":[1,10],"4":[0],"5":[0,0],"6":[0,0],"7":[0,0],"8":[0,0],"9":[0,0],"10":[0,0],"11":[0,0],"12":[0,0],"13":[1,3],"14":[4,2],"15":[1,2],"16":[3,1],"17":[2,0],"18":[2,0],"19":[1,1],"20":[4,6]},"_coverageSchema":"1a1c01bbd47fc00a2c39e90264f33305004495a9","hash":"f881b8cc275988a4e20b660dc3b6526dbf82b8e8"}
}
