{"C:\\Users\\Ronny\\Desktop\\projects\\iKaizen\\server\\controllers\\entries.js": {"path":"C:\\Users\\Ronny\\Desktop\\projects\\iKaizen\\server\\controllers\\entries.js","statementMap":{"0":{"start":{"line":1,"column":22},"end":{"line":1,"column":49}},"1":{"start":{"line":3,"column":22},"end":{"line":3,"column":60}},"2":{"start":{"line":4,"column":27},"end":{"line":4,"column":56}},"3":{"start":{"line":5,"column":14},"end":{"line":5,"column":40}},"4":{"start":{"line":6,"column":14},"end":{"line":6,"column":40}},"5":{"start":{"line":7,"column":13},"end":{"line":7,"column":38}},"6":{"start":{"line":9,"column":0},"end":{"line":27,"column":3}},"7":{"start":{"line":10,"column":13},"end":{"line":10,"column":26}},"8":{"start":{"line":12,"column":2},"end":{"line":16,"column":3}},"9":{"start":{"line":13,"column":16},"end":{"line":13,"column":40}},"10":{"start":{"line":15,"column":4},"end":{"line":15,"column":57}},"11":{"start":{"line":18,"column":2},"end":{"line":20,"column":3}},"12":{"start":{"line":19,"column":4},"end":{"line":19,"column":67}},"13":{"start":{"line":22,"column":2},"end":{"line":24,"column":3}},"14":{"start":{"line":23,"column":4},"end":{"line":23,"column":59}},"15":{"start":{"line":26,"column":2},"end":{"line":26,"column":30}},"16":{"start":{"line":32,"column":0},"end":{"line":94,"column":3}},"17":{"start":{"line":33,"column":17},"end":{"line":33,"column":25}},"18":{"start":{"line":34,"column":15},"end":{"line":34,"column":23}},"19":{"start":{"line":38,"column":2},"end":{"line":53,"column":3}},"20":{"start":{"line":39,"column":4},"end":{"line":50,"column":5}},"21":{"start":{"line":40,"column":6},"end":{"line":40,"column":28}},"22":{"start":{"line":42,"column":6},"end":{"line":44,"column":7}},"23":{"start":{"line":43,"column":8},"end":{"line":43,"column":63}},"24":{"start":{"line":46,"column":6},"end":{"line":46,"column":32}},"25":{"start":{"line":47,"column":6},"end":{"line":47,"column":62}},"26":{"start":{"line":49,"column":6},"end":{"line":49,"column":56}},"27":{"start":{"line":52,"column":4},"end":{"line":52,"column":67}},"28":{"start":{"line":55,"column":2},"end":{"line":55,"column":34}},"29":{"start":{"line":57,"column":2},"end":{"line":86,"column":3}},"30":{"start":{"line":58,"column":30},"end":{"line":58,"column":52}},"31":{"start":{"line":60,"column":4},"end":{"line":70,"column":5}},"32":{"start":{"line":61,"column":20},"end":{"line":67,"column":8}},"33":{"start":{"line":69,"column":6},"end":{"line":69,"column":46}},"34":{"start":{"line":72,"column":4},"end":{"line":78,"column":5}},"35":{"start":{"line":73,"column":28},"end":{"line":73,"column":65}},"36":{"start":{"line":75,"column":6},"end":{"line":75,"column":47}},"37":{"start":{"line":77,"column":6},"end":{"line":77,"column":33}},"38":{"start":{"line":80,"column":4},"end":{"line":82,"column":6}},"39":{"start":{"line":84,"column":4},"end":{"line":84,"column":48}},"40":{"start":{"line":85,"column":4},"end":{"line":85,"column":67}},"41":{"start":{"line":88,"column":2},"end":{"line":88,"column":24}},"42":{"start":{"line":89,"column":2},"end":{"line":89,"column":20}},"43":{"start":{"line":91,"column":2},"end":{"line":91,"column":70}},"44":{"start":{"line":93,"column":2},"end":{"line":93,"column":33}},"45":{"start":{"line":99,"column":0},"end":{"line":155,"column":3}},"46":{"start":{"line":100,"column":13},"end":{"line":100,"column":26}},"47":{"start":{"line":101,"column":19},"end":{"line":101,"column":36}},"48":{"start":{"line":103,"column":2},"end":{"line":107,"column":3}},"49":{"start":{"line":104,"column":16},"end":{"line":104,"column":40}},"50":{"start":{"line":106,"column":4},"end":{"line":106,"column":57}},"51":{"start":{"line":109,"column":2},"end":{"line":111,"column":3}},"52":{"start":{"line":110,"column":4},"end":{"line":110,"column":67}},"53":{"start":{"line":113,"column":2},"end":{"line":115,"column":3}},"54":{"start":{"line":114,"column":4},"end":{"line":114,"column":59}},"55":{"start":{"line":117,"column":2},"end":{"line":119,"column":3}},"56":{"start":{"line":118,"column":4},"end":{"line":118,"column":62}},"57":{"start":{"line":121,"column":2},"end":{"line":125,"column":3}},"58":{"start":{"line":122,"column":4},"end":{"line":124,"column":68}},"59":{"start":{"line":128,"column":2},"end":{"line":134,"column":3}},"60":{"start":{"line":129,"column":4},"end":{"line":133,"column":5}},"61":{"start":{"line":130,"column":6},"end":{"line":132,"column":64}},"62":{"start":{"line":136,"column":29},"end":{"line":138,"column":3}},"63":{"start":{"line":137,"column":40},"end":{"line":137,"column":52}},"64":{"start":{"line":140,"column":2},"end":{"line":146,"column":3}},"65":{"start":{"line":141,"column":4},"end":{"line":145,"column":5}},"66":{"start":{"line":142,"column":6},"end":{"line":144,"column":62}},"67":{"start":{"line":148,"column":2},"end":{"line":152,"column":3}},"68":{"start":{"line":149,"column":4},"end":{"line":149,"column":59}},"69":{"start":{"line":151,"column":4},"end":{"line":151,"column":64}},"70":{"start":{"line":154,"column":2},"end":{"line":154,"column":24}},"71":{"start":{"line":160,"column":0},"end":{"line":198,"column":3}},"72":{"start":{"line":161,"column":15},"end":{"line":161,"column":23}},"73":{"start":{"line":162,"column":13},"end":{"line":162,"column":26}},"74":{"start":{"line":164,"column":2},"end":{"line":168,"column":3}},"75":{"start":{"line":165,"column":16},"end":{"line":165,"column":40}},"76":{"start":{"line":167,"column":4},"end":{"line":167,"column":57}},"77":{"start":{"line":170,"column":2},"end":{"line":172,"column":3}},"78":{"start":{"line":171,"column":4},"end":{"line":171,"column":67}},"79":{"start":{"line":174,"column":2},"end":{"line":176,"column":3}},"80":{"start":{"line":175,"column":4},"end":{"line":175,"column":59}},"81":{"start":{"line":178,"column":2},"end":{"line":195,"column":3}},"82":{"start":{"line":179,"column":21},"end":{"line":179,"column":41}},"83":{"start":{"line":181,"column":4},"end":{"line":189,"column":5}},"84":{"start":{"line":182,"column":6},"end":{"line":188,"column":7}},"85":{"start":{"line":183,"column":8},"end":{"line":183,"column":47}},"86":{"start":{"line":185,"column":8},"end":{"line":187,"column":11}},"87":{"start":{"line":191,"column":4},"end":{"line":191,"column":45}},"88":{"start":{"line":192,"column":4},"end":{"line":192,"column":78}},"89":{"start":{"line":194,"column":4},"end":{"line":194,"column":64}},"90":{"start":{"line":197,"column":2},"end":{"line":197,"column":24}},"91":{"start":{"line":203,"column":0},"end":{"line":244,"column":3}},"92":{"start":{"line":204,"column":15},"end":{"line":204,"column":23}},"93":{"start":{"line":205,"column":13},"end":{"line":205,"column":26}},"94":{"start":{"line":207,"column":2},"end":{"line":211,"column":3}},"95":{"start":{"line":208,"column":16},"end":{"line":208,"column":40}},"96":{"start":{"line":210,"column":4},"end":{"line":210,"column":57}},"97":{"start":{"line":213,"column":2},"end":{"line":215,"column":3}},"98":{"start":{"line":214,"column":4},"end":{"line":214,"column":67}},"99":{"start":{"line":217,"column":23},"end":{"line":217,"column":72}},"100":{"start":{"line":217,"column":53},"end":{"line":217,"column":71}},"101":{"start":{"line":219,"column":2},"end":{"line":221,"column":3}},"102":{"start":{"line":220,"column":4},"end":{"line":220,"column":59}},"103":{"start":{"line":223,"column":29},"end":{"line":223,"column":37}},"104":{"start":{"line":225,"column":2},"end":{"line":229,"column":3}},"105":{"start":{"line":226,"column":4},"end":{"line":228,"column":66}},"106":{"start":{"line":231,"column":16},"end":{"line":231,"column":72}},"107":{"start":{"line":233,"column":2},"end":{"line":241,"column":3}},"108":{"start":{"line":234,"column":19},"end":{"line":234,"column":44}},"109":{"start":{"line":235,"column":20},"end":{"line":235,"column":32}},"110":{"start":{"line":237,"column":4},"end":{"line":237,"column":39}},"111":{"start":{"line":238,"column":4},"end":{"line":238,"column":23}},"112":{"start":{"line":240,"column":4},"end":{"line":240,"column":57}},"113":{"start":{"line":243,"column":2},"end":{"line":243,"column":33}},"114":{"start":{"line":246,"column":0},"end":{"line":246,"column":31}}},"fnMap":{"0":{"name":"(anonymous_0)","decl":{"start":{"line":9,"column":41},"end":{"line":9,"column":42}},"loc":{"start":{"line":9,"column":61},"end":{"line":27,"column":1}},"line":9},"1":{"name":"(anonymous_1)","decl":{"start":{"line":32,"column":39},"end":{"line":32,"column":40}},"loc":{"start":{"line":32,"column":59},"end":{"line":94,"column":1}},"line":32},"2":{"name":"(anonymous_2)","decl":{"start":{"line":99,"column":41},"end":{"line":99,"column":42}},"loc":{"start":{"line":99,"column":61},"end":{"line":155,"column":1}},"line":99},"3":{"name":"(anonymous_3)","decl":{"start":{"line":137,"column":27},"end":{"line":137,"column":28}},"loc":{"start":{"line":137,"column":40},"end":{"line":137,"column":52}},"line":137},"4":{"name":"(anonymous_4)","decl":{"start":{"line":160,"column":44},"end":{"line":160,"column":45}},"loc":{"start":{"line":160,"column":64},"end":{"line":198,"column":1}},"line":160},"5":{"name":"(anonymous_5)","decl":{"start":{"line":203,"column":49},"end":{"line":203,"column":50}},"loc":{"start":{"line":203,"column":69},"end":{"line":244,"column":1}},"line":203},"6":{"name":"(anonymous_6)","decl":{"start":{"line":217,"column":40},"end":{"line":217,"column":41}},"loc":{"start":{"line":217,"column":53},"end":{"line":217,"column":71}},"line":217}},"branchMap":{"0":{"loc":{"start":{"line":18,"column":2},"end":{"line":20,"column":3}},"type":"if","locations":[{"start":{"line":18,"column":2},"end":{"line":20,"column":3}},{"start":{"line":18,"column":2},"end":{"line":20,"column":3}}],"line":18},"1":{"loc":{"start":{"line":22,"column":2},"end":{"line":24,"column":3}},"type":"if","locations":[{"start":{"line":22,"column":2},"end":{"line":24,"column":3}},{"start":{"line":22,"column":2},"end":{"line":24,"column":3}}],"line":22},"2":{"loc":{"start":{"line":39,"column":4},"end":{"line":50,"column":5}},"type":"if","locations":[{"start":{"line":39,"column":4},"end":{"line":50,"column":5}},{"start":{"line":39,"column":4},"end":{"line":50,"column":5}}],"line":39},"3":{"loc":{"start":{"line":42,"column":6},"end":{"line":44,"column":7}},"type":"if","locations":[{"start":{"line":42,"column":6},"end":{"line":44,"column":7}},{"start":{"line":42,"column":6},"end":{"line":44,"column":7}}],"line":42},"4":{"loc":{"start":{"line":109,"column":2},"end":{"line":111,"column":3}},"type":"if","locations":[{"start":{"line":109,"column":2},"end":{"line":111,"column":3}},{"start":{"line":109,"column":2},"end":{"line":111,"column":3}}],"line":109},"5":{"loc":{"start":{"line":113,"column":2},"end":{"line":115,"column":3}},"type":"if","locations":[{"start":{"line":113,"column":2},"end":{"line":115,"column":3}},{"start":{"line":113,"column":2},"end":{"line":115,"column":3}}],"line":113},"6":{"loc":{"start":{"line":117,"column":2},"end":{"line":119,"column":3}},"type":"if","locations":[{"start":{"line":117,"column":2},"end":{"line":119,"column":3}},{"start":{"line":117,"column":2},"end":{"line":119,"column":3}}],"line":117},"7":{"loc":{"start":{"line":121,"column":2},"end":{"line":125,"column":3}},"type":"if","locations":[{"start":{"line":121,"column":2},"end":{"line":125,"column":3}},{"start":{"line":121,"column":2},"end":{"line":125,"column":3}}],"line":121},"8":{"loc":{"start":{"line":129,"column":4},"end":{"line":133,"column":5}},"type":"if","locations":[{"start":{"line":129,"column":4},"end":{"line":133,"column":5}},{"start":{"line":129,"column":4},"end":{"line":133,"column":5}}],"line":129},"9":{"loc":{"start":{"line":129,"column":10},"end":{"line":129,"column":65}},"type":"binary-expr","locations":[{"start":{"line":129,"column":10},"end":{"line":129,"column":36}},{"start":{"line":129,"column":40},"end":{"line":129,"column":65}}],"line":129},"10":{"loc":{"start":{"line":141,"column":4},"end":{"line":145,"column":5}},"type":"if","locations":[{"start":{"line":141,"column":4},"end":{"line":145,"column":5}},{"start":{"line":141,"column":4},"end":{"line":145,"column":5}}],"line":141},"11":{"loc":{"start":{"line":170,"column":2},"end":{"line":172,"column":3}},"type":"if","locations":[{"start":{"line":170,"column":2},"end":{"line":172,"column":3}},{"start":{"line":170,"column":2},"end":{"line":172,"column":3}}],"line":170},"12":{"loc":{"start":{"line":174,"column":2},"end":{"line":176,"column":3}},"type":"if","locations":[{"start":{"line":174,"column":2},"end":{"line":176,"column":3}},{"start":{"line":174,"column":2},"end":{"line":176,"column":3}}],"line":174},"13":{"loc":{"start":{"line":182,"column":6},"end":{"line":188,"column":7}},"type":"if","locations":[{"start":{"line":182,"column":6},"end":{"line":188,"column":7}},{"start":{"line":182,"column":6},"end":{"line":188,"column":7}}],"line":182},"14":{"loc":{"start":{"line":213,"column":2},"end":{"line":215,"column":3}},"type":"if","locations":[{"start":{"line":213,"column":2},"end":{"line":215,"column":3}},{"start":{"line":213,"column":2},"end":{"line":215,"column":3}}],"line":213},"15":{"loc":{"start":{"line":219,"column":2},"end":{"line":221,"column":3}},"type":"if","locations":[{"start":{"line":219,"column":2},"end":{"line":221,"column":3}},{"start":{"line":219,"column":2},"end":{"line":221,"column":3}}],"line":219},"16":{"loc":{"start":{"line":225,"column":2},"end":{"line":229,"column":3}},"type":"if","locations":[{"start":{"line":225,"column":2},"end":{"line":229,"column":3}},{"start":{"line":225,"column":2},"end":{"line":229,"column":3}}],"line":225},"17":{"loc":{"start":{"line":225,"column":6},"end":{"line":225,"column":59}},"type":"binary-expr","locations":[{"start":{"line":225,"column":6},"end":{"line":225,"column":11}},{"start":{"line":225,"column":16},"end":{"line":225,"column":25}},{"start":{"line":225,"column":29},"end":{"line":225,"column":58}}],"line":225}},"s":{"0":3,"1":3,"2":3,"3":3,"4":3,"5":3,"6":3,"7":4,"8":4,"9":4,"10":1,"11":3,"12":1,"13":2,"14":1,"15":1,"16":3,"17":10,"18":10,"19":10,"20":10,"21":3,"22":3,"23":1,"24":2,"25":2,"26":7,"27":0,"28":9,"29":9,"30":9,"31":9,"32":49,"33":49,"34":9,"35":44,"36":44,"37":44,"38":9,"39":0,"40":0,"41":9,"42":9,"43":9,"44":9,"45":3,"46":10,"47":10,"48":10,"49":10,"50":1,"51":9,"52":1,"53":8,"54":1,"55":7,"56":2,"57":5,"58":3,"59":2,"60":6,"61":0,"62":2,"63":68,"64":2,"65":4,"66":1,"67":1,"68":1,"69":0,"70":1,"71":3,"72":4,"73":4,"74":4,"75":4,"76":1,"77":3,"78":1,"79":2,"80":1,"81":1,"82":1,"83":1,"84":6,"85":3,"86":3,"87":1,"88":1,"89":0,"90":1,"91":3,"92":8,"93":8,"94":8,"95":8,"96":1,"97":7,"98":1,"99":6,"100":5,"101":6,"102":1,"103":5,"104":5,"105":3,"106":2,"107":2,"108":2,"109":1,"110":1,"111":1,"112":1,"113":2,"114":3},"f":{"0":4,"1":10,"2":10,"3":68,"4":4,"5":8,"6":5},"b":{"0":[1,2],"1":[1,1],"2":[3,7],"3":[1,2],"4":[1,8],"5":[1,7],"6":[2,5],"7":[3,2],"8":[0,6],"9":[6,0],"10":[1,3],"11":[1,2],"12":[1,1],"13":[3,3],"14":[1,6],"15":[1,5],"16":[3,2],"17":[5,3,2]},"_coverageSchema":"1a1c01bbd47fc00a2c39e90264f33305004495a9","hash":"582efecae183eeb9dac6f94949950fc3267b8b25"}
,"C:\\Users\\Ronny\\Desktop\\projects\\iKaizen\\server\\controllers\\habits.js": {"path":"C:\\Users\\Ronny\\Desktop\\projects\\iKaizen\\server\\controllers\\habits.js","statementMap":{"0":{"start":{"line":1,"column":21},"end":{"line":1,"column":48}},"1":{"start":{"line":2,"column":22},"end":{"line":2,"column":60}},"2":{"start":{"line":3,"column":13},"end":{"line":3,"column":38}},"3":{"start":{"line":4,"column":14},"end":{"line":4,"column":40}},"4":{"start":{"line":5,"column":14},"end":{"line":5,"column":40}},"5":{"start":{"line":8,"column":0},"end":{"line":49,"column":3}},"6":{"start":{"line":9,"column":13},"end":{"line":9,"column":26}},"7":{"start":{"line":12,"column":2},"end":{"line":16,"column":3}},"8":{"start":{"line":13,"column":16},"end":{"line":13,"column":40}},"9":{"start":{"line":15,"column":4},"end":{"line":15,"column":57}},"10":{"start":{"line":19,"column":2},"end":{"line":21,"column":3}},"11":{"start":{"line":20,"column":4},"end":{"line":20,"column":67}},"12":{"start":{"line":24,"column":2},"end":{"line":26,"column":3}},"13":{"start":{"line":25,"column":4},"end":{"line":25,"column":59}},"14":{"start":{"line":28,"column":51},"end":{"line":28,"column":59}},"15":{"start":{"line":29,"column":2},"end":{"line":31,"column":3}},"16":{"start":{"line":30,"column":4},"end":{"line":30,"column":33}},"17":{"start":{"line":33,"column":20},"end":{"line":33,"column":22}},"18":{"start":{"line":34,"column":17},"end":{"line":34,"column":63}},"19":{"start":{"line":36,"column":2},"end":{"line":40,"column":3}},"20":{"start":{"line":37,"column":4},"end":{"line":39,"column":5}},"21":{"start":{"line":38,"column":6},"end":{"line":38,"column":41}},"22":{"start":{"line":42,"column":2},"end":{"line":46,"column":3}},"23":{"start":{"line":43,"column":4},"end":{"line":43,"column":56}},"24":{"start":{"line":45,"column":4},"end":{"line":45,"column":64}},"25":{"start":{"line":48,"column":2},"end":{"line":48,"column":24}},"26":{"start":{"line":51,"column":0},"end":{"line":96,"column":3}},"27":{"start":{"line":52,"column":13},"end":{"line":52,"column":26}},"28":{"start":{"line":55,"column":2},"end":{"line":59,"column":3}},"29":{"start":{"line":56,"column":16},"end":{"line":56,"column":40}},"30":{"start":{"line":58,"column":4},"end":{"line":58,"column":57}},"31":{"start":{"line":62,"column":2},"end":{"line":64,"column":3}},"32":{"start":{"line":63,"column":4},"end":{"line":63,"column":67}},"33":{"start":{"line":67,"column":2},"end":{"line":69,"column":3}},"34":{"start":{"line":68,"column":4},"end":{"line":68,"column":59}},"35":{"start":{"line":76,"column":2},"end":{"line":93,"column":3}},"36":{"start":{"line":77,"column":4},"end":{"line":77,"column":45}},"37":{"start":{"line":79,"column":19},"end":{"line":79,"column":29}},"38":{"start":{"line":80,"column":21},"end":{"line":80,"column":34}},"39":{"start":{"line":82,"column":4},"end":{"line":85,"column":6}},"40":{"start":{"line":87,"column":4},"end":{"line":90,"column":6}},"41":{"start":{"line":92,"column":4},"end":{"line":92,"column":68}},"42":{"start":{"line":95,"column":2},"end":{"line":95,"column":24}},"43":{"start":{"line":98,"column":0},"end":{"line":98,"column":30}}},"fnMap":{"0":{"name":"(anonymous_0)","decl":{"start":{"line":8,"column":40},"end":{"line":8,"column":41}},"loc":{"start":{"line":8,"column":60},"end":{"line":49,"column":1}},"line":8},"1":{"name":"(anonymous_1)","decl":{"start":{"line":51,"column":43},"end":{"line":51,"column":44}},"loc":{"start":{"line":51,"column":63},"end":{"line":96,"column":1}},"line":51}},"branchMap":{"0":{"loc":{"start":{"line":19,"column":2},"end":{"line":21,"column":3}},"type":"if","locations":[{"start":{"line":19,"column":2},"end":{"line":21,"column":3}},{"start":{"line":19,"column":2},"end":{"line":21,"column":3}}],"line":19},"1":{"loc":{"start":{"line":24,"column":2},"end":{"line":26,"column":3}},"type":"if","locations":[{"start":{"line":24,"column":2},"end":{"line":26,"column":3}},{"start":{"line":24,"column":2},"end":{"line":26,"column":3}}],"line":24},"2":{"loc":{"start":{"line":29,"column":2},"end":{"line":31,"column":3}},"type":"if","locations":[{"start":{"line":29,"column":2},"end":{"line":31,"column":3}},{"start":{"line":29,"column":2},"end":{"line":31,"column":3}}],"line":29},"3":{"loc":{"start":{"line":29,"column":6},"end":{"line":29,"column":52}},"type":"binary-expr","locations":[{"start":{"line":29,"column":6},"end":{"line":29,"column":11}},{"start":{"line":29,"column":15},"end":{"line":29,"column":24}},{"start":{"line":29,"column":28},"end":{"line":29,"column":37}},{"start":{"line":29,"column":41},"end":{"line":29,"column":52}}],"line":29},"4":{"loc":{"start":{"line":37,"column":4},"end":{"line":39,"column":5}},"type":"if","locations":[{"start":{"line":37,"column":4},"end":{"line":39,"column":5}},{"start":{"line":37,"column":4},"end":{"line":39,"column":5}}],"line":37},"5":{"loc":{"start":{"line":37,"column":8},"end":{"line":37,"column":63}},"type":"binary-expr","locations":[{"start":{"line":37,"column":8},"end":{"line":37,"column":23}},{"start":{"line":37,"column":27},"end":{"line":37,"column":63}}],"line":37},"6":{"loc":{"start":{"line":62,"column":2},"end":{"line":64,"column":3}},"type":"if","locations":[{"start":{"line":62,"column":2},"end":{"line":64,"column":3}},{"start":{"line":62,"column":2},"end":{"line":64,"column":3}}],"line":62},"7":{"loc":{"start":{"line":67,"column":2},"end":{"line":69,"column":3}},"type":"if","locations":[{"start":{"line":67,"column":2},"end":{"line":69,"column":3}},{"start":{"line":67,"column":2},"end":{"line":69,"column":3}}],"line":67}},"s":{"0":3,"1":3,"2":3,"3":3,"4":3,"5":3,"6":14,"7":14,"8":14,"9":1,"10":13,"11":1,"12":12,"13":1,"14":11,"15":11,"16":2,"17":9,"18":9,"19":9,"20":36,"21":19,"22":9,"23":9,"24":0,"25":9,"26":3,"27":9,"28":9,"29":9,"30":1,"31":8,"32":1,"33":7,"34":1,"35":6,"36":6,"37":6,"38":6,"39":6,"40":6,"41":0,"42":6,"43":3},"f":{"0":14,"1":9},"b":{"0":[1,12],"1":[1,11],"2":[2,9],"3":[11,7,4,4],"4":[19,17],"5":[36,22],"6":[1,7],"7":[1,6]},"_coverageSchema":"1a1c01bbd47fc00a2c39e90264f33305004495a9","hash":"c0f6c2a43206eff5b19d8b7df15251f53f6462b4"}
,"C:\\Users\\Ronny\\Desktop\\projects\\iKaizen\\server\\controllers\\users.js": {"path":"C:\\Users\\Ronny\\Desktop\\projects\\iKaizen\\server\\controllers\\users.js","statementMap":{"0":{"start":{"line":1,"column":20},"end":{"line":1,"column":47}},"1":{"start":{"line":2,"column":15},"end":{"line":2,"column":32}},"2":{"start":{"line":3,"column":18},"end":{"line":3,"column":38}},"3":{"start":{"line":4,"column":17},"end":{"line":4,"column":36}},"4":{"start":{"line":5,"column":22},"end":{"line":5,"column":60}},"5":{"start":{"line":6,"column":28},"end":{"line":6,"column":67}},"6":{"start":{"line":7,"column":19},"end":{"line":7,"column":49}},"7":{"start":{"line":8,"column":13},"end":{"line":8,"column":38}},"8":{"start":{"line":9,"column":14},"end":{"line":9,"column":40}},"9":{"start":{"line":10,"column":14},"end":{"line":10,"column":40}},"10":{"start":{"line":12,"column":0},"end":{"line":38,"column":3}},"11":{"start":{"line":13,"column":61},"end":{"line":13,"column":69}},"12":{"start":{"line":14,"column":43},"end":{"line":17,"column":3}},"13":{"start":{"line":19,"column":2},"end":{"line":21,"column":3}},"14":{"start":{"line":20,"column":4},"end":{"line":20,"column":52}},"15":{"start":{"line":23,"column":23},"end":{"line":23,"column":54}},"16":{"start":{"line":25,"column":2},"end":{"line":35,"column":3}},"17":{"start":{"line":26,"column":18},"end":{"line":32,"column":6}},"18":{"start":{"line":34,"column":4},"end":{"line":34,"column":62}},"19":{"start":{"line":37,"column":2},"end":{"line":37,"column":32}},"20":{"start":{"line":40,"column":0},"end":{"line":75,"column":3}},"21":{"start":{"line":41,"column":19},"end":{"line":41,"column":21}},"22":{"start":{"line":42,"column":17},"end":{"line":49,"column":3}},"23":{"start":{"line":51,"column":2},"end":{"line":60,"column":3}},"24":{"start":{"line":52,"column":4},"end":{"line":59,"column":5}},"25":{"start":{"line":53,"column":6},"end":{"line":58,"column":7}},"26":{"start":{"line":54,"column":29},"end":{"line":54,"column":69}},"27":{"start":{"line":55,"column":8},"end":{"line":55,"column":45}},"28":{"start":{"line":57,"column":8},"end":{"line":57,"column":42}},"29":{"start":{"line":62,"column":2},"end":{"line":64,"column":3}},"30":{"start":{"line":63,"column":4},"end":{"line":63,"column":79}},"31":{"start":{"line":66,"column":2},"end":{"line":72,"column":3}},"32":{"start":{"line":67,"column":4},"end":{"line":67,"column":57}},"33":{"start":{"line":69,"column":4},"end":{"line":71,"column":61}},"34":{"start":{"line":74,"column":2},"end":{"line":74,"column":31}},"35":{"start":{"line":77,"column":0},"end":{"line":160,"column":3}},"36":{"start":{"line":78,"column":2},"end":{"line":80,"column":3}},"37":{"start":{"line":79,"column":4},"end":{"line":79,"column":68}},"38":{"start":{"line":82,"column":37},"end":{"line":82,"column":46}},"39":{"start":{"line":84,"column":17},"end":{"line":84,"column":29}},"40":{"start":{"line":86,"column":2},"end":{"line":159,"column":3}},"41":{"start":{"line":87,"column":34},"end":{"line":87,"column":74}},"42":{"start":{"line":88,"column":31},"end":{"line":88,"column":71}},"43":{"start":{"line":90,"column":22},"end":{"line":93,"column":51}},"44":{"start":{"line":95,"column":4},"end":{"line":95,"column":33}},"45":{"start":{"line":96,"column":9},"end":{"line":159,"column":3}},"46":{"start":{"line":97,"column":28},"end":{"line":97,"column":38}},"47":{"start":{"line":98,"column":4},"end":{"line":98,"column":31}},"48":{"start":{"line":99,"column":4},"end":{"line":99,"column":41}},"49":{"start":{"line":101,"column":21},"end":{"line":101,"column":31}},"50":{"start":{"line":102,"column":4},"end":{"line":102,"column":47}},"51":{"start":{"line":103,"column":4},"end":{"line":103,"column":34}},"52":{"start":{"line":105,"column":23},"end":{"line":108,"column":51}},"53":{"start":{"line":110,"column":4},"end":{"line":110,"column":34}},"54":{"start":{"line":112,"column":4},"end":{"line":114,"column":5}},"55":{"start":{"line":113,"column":6},"end":{"line":113,"column":67}},"56":{"start":{"line":116,"column":23},"end":{"line":116,"column":40}},"57":{"start":{"line":118,"column":4},"end":{"line":138,"column":5}},"58":{"start":{"line":119,"column":6},"end":{"line":135,"column":7}},"59":{"start":{"line":120,"column":33},"end":{"line":126,"column":55}},"60":{"start":{"line":128,"column":8},"end":{"line":132,"column":9}},"61":{"start":{"line":129,"column":10},"end":{"line":131,"column":72}},"62":{"start":{"line":134,"column":8},"end":{"line":134,"column":44}},"63":{"start":{"line":137,"column":6},"end":{"line":137,"column":67}},"64":{"start":{"line":140,"column":4},"end":{"line":158,"column":5}},"65":{"start":{"line":141,"column":33},"end":{"line":147,"column":53}},"66":{"start":{"line":149,"column":6},"end":{"line":153,"column":7}},"67":{"start":{"line":150,"column":8},"end":{"line":152,"column":67}},"68":{"start":{"line":155,"column":6},"end":{"line":155,"column":44}},"69":{"start":{"line":157,"column":6},"end":{"line":157,"column":67}},"70":{"start":{"line":162,"column":0},"end":{"line":204,"column":3}},"71":{"start":{"line":163,"column":22},"end":{"line":163,"column":26}},"72":{"start":{"line":165,"column":2},"end":{"line":170,"column":3}},"73":{"start":{"line":167,"column":4},"end":{"line":167,"column":67}},"74":{"start":{"line":169,"column":4},"end":{"line":169,"column":53}},"75":{"start":{"line":172,"column":29},"end":{"line":172,"column":37}},"76":{"start":{"line":174,"column":2},"end":{"line":178,"column":3}},"77":{"start":{"line":175,"column":4},"end":{"line":177,"column":64}},"78":{"start":{"line":180,"column":16},"end":{"line":180,"column":54}},"79":{"start":{"line":185,"column":2},"end":{"line":201,"column":3}},"80":{"start":{"line":186,"column":4},"end":{"line":198,"column":5}},"81":{"start":{"line":187,"column":21},"end":{"line":187,"column":46}},"82":{"start":{"line":188,"column":6},"end":{"line":188,"column":49}},"83":{"start":{"line":190,"column":6},"end":{"line":190,"column":28}},"84":{"start":{"line":192,"column":6},"end":{"line":192,"column":44}},"85":{"start":{"line":195,"column":6},"end":{"line":195,"column":65}},"86":{"start":{"line":197,"column":6},"end":{"line":197,"column":28}},"87":{"start":{"line":200,"column":4},"end":{"line":200,"column":58}},"88":{"start":{"line":203,"column":2},"end":{"line":203,"column":24}},"89":{"start":{"line":206,"column":0},"end":{"line":208,"column":3}},"90":{"start":{"line":207,"column":2},"end":{"line":207,"column":24}},"91":{"start":{"line":210,"column":0},"end":{"line":213,"column":3}},"92":{"start":{"line":211,"column":2},"end":{"line":211,"column":15}},"93":{"start":{"line":212,"column":2},"end":{"line":212,"column":24}},"94":{"start":{"line":215,"column":0},"end":{"line":222,"column":3}},"95":{"start":{"line":217,"column":2},"end":{"line":219,"column":3}},"96":{"start":{"line":218,"column":4},"end":{"line":218,"column":45}},"97":{"start":{"line":221,"column":2},"end":{"line":221,"column":37}},"98":{"start":{"line":224,"column":0},"end":{"line":228,"column":3}},"99":{"start":{"line":225,"column":2},"end":{"line":227,"column":5}},"100":{"start":{"line":230,"column":0},"end":{"line":230,"column":29}}},"fnMap":{"0":{"name":"(anonymous_0)","decl":{"start":{"line":12,"column":22},"end":{"line":12,"column":23}},"loc":{"start":{"line":12,"column":42},"end":{"line":38,"column":1}},"line":12},"1":{"name":"(anonymous_1)","decl":{"start":{"line":40,"column":42},"end":{"line":40,"column":43}},"loc":{"start":{"line":40,"column":62},"end":{"line":75,"column":1}},"line":40},"2":{"name":"(anonymous_2)","decl":{"start":{"line":77,"column":46},"end":{"line":77,"column":47}},"loc":{"start":{"line":77,"column":66},"end":{"line":160,"column":1}},"line":77},"3":{"name":"(anonymous_3)","decl":{"start":{"line":162,"column":46},"end":{"line":162,"column":47}},"loc":{"start":{"line":162,"column":66},"end":{"line":204,"column":1}},"line":162},"4":{"name":"(anonymous_4)","decl":{"start":{"line":206,"column":59},"end":{"line":206,"column":60}},"loc":{"start":{"line":206,"column":79},"end":{"line":208,"column":1}},"line":206},"5":{"name":"(anonymous_5)","decl":{"start":{"line":210,"column":28},"end":{"line":210,"column":29}},"loc":{"start":{"line":210,"column":48},"end":{"line":213,"column":1}},"line":210},"6":{"name":"(anonymous_6)","decl":{"start":{"line":215,"column":31},"end":{"line":215,"column":32}},"loc":{"start":{"line":215,"column":45},"end":{"line":222,"column":1}},"line":215},"7":{"name":"(anonymous_7)","decl":{"start":{"line":224,"column":16},"end":{"line":224,"column":17}},"loc":{"start":{"line":224,"column":41},"end":{"line":228,"column":1}},"line":224}},"branchMap":{"0":{"loc":{"start":{"line":19,"column":2},"end":{"line":21,"column":3}},"type":"if","locations":[{"start":{"line":19,"column":2},"end":{"line":21,"column":3}},{"start":{"line":19,"column":2},"end":{"line":21,"column":3}}],"line":19},"1":{"loc":{"start":{"line":52,"column":4},"end":{"line":59,"column":5}},"type":"if","locations":[{"start":{"line":52,"column":4},"end":{"line":59,"column":5}},{"start":{"line":52,"column":4},"end":{"line":59,"column":5}}],"line":52},"2":{"loc":{"start":{"line":53,"column":6},"end":{"line":58,"column":7}},"type":"if","locations":[{"start":{"line":53,"column":6},"end":{"line":58,"column":7}},{"start":{"line":53,"column":6},"end":{"line":58,"column":7}}],"line":53},"3":{"loc":{"start":{"line":62,"column":2},"end":{"line":64,"column":3}},"type":"if","locations":[{"start":{"line":62,"column":2},"end":{"line":64,"column":3}},{"start":{"line":62,"column":2},"end":{"line":64,"column":3}}],"line":62},"4":{"loc":{"start":{"line":78,"column":2},"end":{"line":80,"column":3}},"type":"if","locations":[{"start":{"line":78,"column":2},"end":{"line":80,"column":3}},{"start":{"line":78,"column":2},"end":{"line":80,"column":3}}],"line":78},"5":{"loc":{"start":{"line":86,"column":2},"end":{"line":159,"column":3}},"type":"if","locations":[{"start":{"line":86,"column":2},"end":{"line":159,"column":3}},{"start":{"line":86,"column":2},"end":{"line":159,"column":3}}],"line":86},"6":{"loc":{"start":{"line":96,"column":9},"end":{"line":159,"column":3}},"type":"if","locations":[{"start":{"line":96,"column":9},"end":{"line":159,"column":3}},{"start":{"line":96,"column":9},"end":{"line":159,"column":3}}],"line":96},"7":{"loc":{"start":{"line":112,"column":4},"end":{"line":114,"column":5}},"type":"if","locations":[{"start":{"line":112,"column":4},"end":{"line":114,"column":5}},{"start":{"line":112,"column":4},"end":{"line":114,"column":5}}],"line":112},"8":{"loc":{"start":{"line":112,"column":8},"end":{"line":112,"column":23}},"type":"binary-expr","locations":[{"start":{"line":112,"column":8},"end":{"line":112,"column":13}},{"start":{"line":112,"column":17},"end":{"line":112,"column":23}}],"line":112},"9":{"loc":{"start":{"line":118,"column":4},"end":{"line":138,"column":5}},"type":"if","locations":[{"start":{"line":118,"column":4},"end":{"line":138,"column":5}},{"start":{"line":118,"column":4},"end":{"line":138,"column":5}}],"line":118},"10":{"loc":{"start":{"line":119,"column":6},"end":{"line":135,"column":7}},"type":"if","locations":[{"start":{"line":119,"column":6},"end":{"line":135,"column":7}},{"start":{"line":119,"column":6},"end":{"line":135,"column":7}}],"line":119},"11":{"loc":{"start":{"line":128,"column":8},"end":{"line":132,"column":9}},"type":"if","locations":[{"start":{"line":128,"column":8},"end":{"line":132,"column":9}},{"start":{"line":128,"column":8},"end":{"line":132,"column":9}}],"line":128},"12":{"loc":{"start":{"line":140,"column":4},"end":{"line":158,"column":5}},"type":"if","locations":[{"start":{"line":140,"column":4},"end":{"line":158,"column":5}},{"start":{"line":140,"column":4},"end":{"line":158,"column":5}}],"line":140},"13":{"loc":{"start":{"line":149,"column":6},"end":{"line":153,"column":7}},"type":"if","locations":[{"start":{"line":149,"column":6},"end":{"line":153,"column":7}},{"start":{"line":149,"column":6},"end":{"line":153,"column":7}}],"line":149},"14":{"loc":{"start":{"line":165,"column":2},"end":{"line":170,"column":3}},"type":"if","locations":[{"start":{"line":165,"column":2},"end":{"line":170,"column":3}},{"start":{"line":165,"column":2},"end":{"line":170,"column":3}}],"line":165},"15":{"loc":{"start":{"line":165,"column":6},"end":{"line":165,"column":73}},"type":"binary-expr","locations":[{"start":{"line":165,"column":6},"end":{"line":165,"column":37}},{"start":{"line":165,"column":41},"end":{"line":165,"column":73}}],"line":165},"16":{"loc":{"start":{"line":174,"column":2},"end":{"line":178,"column":3}},"type":"if","locations":[{"start":{"line":174,"column":2},"end":{"line":178,"column":3}},{"start":{"line":174,"column":2},"end":{"line":178,"column":3}}],"line":174},"17":{"loc":{"start":{"line":174,"column":6},"end":{"line":174,"column":59}},"type":"binary-expr","locations":[{"start":{"line":174,"column":6},"end":{"line":174,"column":11}},{"start":{"line":174,"column":16},"end":{"line":174,"column":25}},{"start":{"line":174,"column":29},"end":{"line":174,"column":58}}],"line":174},"18":{"loc":{"start":{"line":186,"column":4},"end":{"line":198,"column":5}},"type":"if","locations":[{"start":{"line":186,"column":4},"end":{"line":198,"column":5}},{"start":{"line":186,"column":4},"end":{"line":198,"column":5}}],"line":186},"19":{"loc":{"start":{"line":217,"column":2},"end":{"line":219,"column":3}},"type":"if","locations":[{"start":{"line":217,"column":2},"end":{"line":219,"column":3}},{"start":{"line":217,"column":2},"end":{"line":219,"column":3}}],"line":217}},"s":{"0":3,"1":3,"2":3,"3":3,"4":3,"5":3,"6":3,"7":3,"8":3,"9":3,"10":3,"11":7,"12":7,"13":7,"14":3,"15":4,"16":4,"17":4,"18":3,"19":4,"20":3,"21":16,"22":16,"23":16,"24":96,"25":35,"26":5,"27":5,"28":30,"29":16,"30":1,"31":15,"32":15,"33":0,"34":15,"35":3,"36":18,"37":2,"38":16,"39":16,"40":16,"41":1,"42":1,"43":1,"44":1,"45":15,"46":1,"47":1,"48":1,"49":1,"50":1,"51":1,"52":1,"53":1,"54":14,"55":5,"56":9,"57":9,"58":4,"59":2,"60":2,"61":1,"62":1,"63":2,"64":5,"65":2,"66":2,"67":1,"68":1,"69":3,"70":3,"71":22,"72":22,"73":1,"74":21,"75":21,"76":21,"77":1,"78":20,"79":20,"80":20,"81":10,"82":10,"83":10,"84":10,"85":10,"86":10,"87":0,"88":10,"89":3,"90":56,"91":3,"92":6,"93":6,"94":3,"95":10,"96":4,"97":6,"98":3,"99":0,"100":3},"f":{"0":7,"1":16,"2":18,"3":22,"4":56,"5":6,"6":10,"7":0},"b":{"0":[3,4],"1":[35,61],"2":[5,30],"3":[1,15],"4":[2,16],"5":[1,15],"6":[1,14],"7":[5,9],"8":[14,11],"9":[4,5],"10":[2,2],"11":[1,1],"12":[2,3],"13":[1,1],"14":[1,21],"15":[22,11],"16":[1,20],"17":[21,20,8],"18":[10,10],"19":[4,6]},"_coverageSchema":"1a1c01bbd47fc00a2c39e90264f33305004495a9","hash":"8bacefb91e0fd58de90cb30e96f684c9765092bb"}
}
