TN:
SF:controllers\entries.js
FN:9,(anonymous_0)
FN:32,(anonymous_1)
FN:99,(anonymous_2)
FN:137,(anonymous_3)
FN:160,(anonymous_4)
FN:203,(anonymous_5)
FN:217,(anonymous_6)
FNF:7
FNH:7
FNDA:4,(anonymous_0)
FNDA:10,(anonymous_1)
FNDA:10,(anonymous_2)
FNDA:68,(anonymous_3)
FNDA:4,(anonymous_4)
FNDA:8,(anonymous_5)
FNDA:5,(anonymous_6)
DA:1,3
DA:3,3
DA:4,3
DA:5,3
DA:6,3
DA:7,3
DA:9,3
DA:10,4
DA:12,4
DA:13,4
DA:15,1
DA:18,3
DA:19,1
DA:22,2
DA:23,1
DA:26,1
DA:32,3
DA:33,10
DA:34,10
DA:38,10
DA:39,10
DA:40,3
DA:42,3
DA:43,1
DA:46,2
DA:47,2
DA:49,7
DA:52,0
DA:55,9
DA:57,9
DA:58,9
DA:60,9
DA:61,49
DA:69,49
DA:72,9
DA:73,44
DA:75,44
DA:77,44
DA:80,9
DA:84,0
DA:85,0
DA:88,9
DA:89,9
DA:91,9
DA:93,9
DA:99,3
DA:100,10
DA:101,10
DA:103,10
DA:104,10
DA:106,1
DA:109,9
DA:110,1
DA:113,8
DA:114,1
DA:117,7
DA:118,2
DA:121,5
DA:122,3
DA:128,2
DA:129,6
DA:130,0
DA:136,2
DA:137,68
DA:140,2
DA:141,4
DA:142,1
DA:148,1
DA:149,1
DA:151,0
DA:154,1
DA:160,3
DA:161,4
DA:162,4
DA:164,4
DA:165,4
DA:167,1
DA:170,3
DA:171,1
DA:174,2
DA:175,1
DA:178,1
DA:179,1
DA:181,1
DA:182,6
DA:183,3
DA:185,3
DA:191,1
DA:192,1
DA:194,0
DA:197,1
DA:203,3
DA:204,8
DA:205,8
DA:207,8
DA:208,8
DA:210,1
DA:213,7
DA:214,1
DA:217,6
DA:219,6
DA:220,1
DA:223,5
DA:225,5
DA:226,3
DA:231,2
DA:233,2
DA:234,2
DA:235,1
DA:237,1
DA:238,1
DA:240,1
DA:243,2
DA:246,3
LF:114
LH:108
BRDA:18,0,0,1
BRDA:18,0,1,2
BRDA:22,1,0,1
BRDA:22,1,1,1
BRDA:39,2,0,3
BRDA:39,2,1,7
BRDA:42,3,0,1
BRDA:42,3,1,2
BRDA:109,4,0,1
BRDA:109,4,1,8
BRDA:113,5,0,1
BRDA:113,5,1,7
BRDA:117,6,0,2
BRDA:117,6,1,5
BRDA:121,7,0,3
BRDA:121,7,1,2
BRDA:129,8,0,0
BRDA:129,8,1,6
BRDA:129,9,0,6
BRDA:129,9,1,0
BRDA:141,10,0,1
BRDA:141,10,1,3
BRDA:170,11,0,1
BRDA:170,11,1,2
BRDA:174,12,0,1
BRDA:174,12,1,1
BRDA:182,13,0,3
BRDA:182,13,1,3
BRDA:213,14,0,1
BRDA:213,14,1,6
BRDA:219,15,0,1
BRDA:219,15,1,5
BRDA:225,16,0,3
BRDA:225,16,1,2
BRDA:225,17,0,5
BRDA:225,17,1,3
BRDA:225,17,2,2
BRF:37
BRH:35
end_of_record
TN:
SF:controllers\habits.js
FN:8,(anonymous_0)
FN:51,(anonymous_1)
FNF:2
FNH:2
FNDA:14,(anonymous_0)
FNDA:9,(anonymous_1)
DA:1,3
DA:2,3
DA:3,3
DA:4,3
DA:5,3
DA:8,3
DA:9,14
DA:12,14
DA:13,14
DA:15,1
DA:19,13
DA:20,1
DA:24,12
DA:25,1
DA:28,11
DA:29,11
DA:30,2
DA:33,9
DA:34,9
DA:36,9
DA:37,36
DA:38,19
DA:42,9
DA:43,9
DA:45,0
DA:48,9
DA:51,3
DA:52,9
DA:55,9
DA:56,9
DA:58,1
DA:62,8
DA:63,1
DA:67,7
DA:68,1
DA:76,6
DA:77,6
DA:79,6
DA:80,6
DA:82,6
DA:87,6
DA:92,0
DA:95,6
DA:98,3
LF:44
LH:42
BRDA:19,0,0,1
BRDA:19,0,1,12
BRDA:24,1,0,1
BRDA:24,1,1,11
BRDA:29,2,0,2
BRDA:29,2,1,9
BRDA:29,3,0,11
BRDA:29,3,1,7
BRDA:29,3,2,4
BRDA:29,3,3,4
BRDA:37,4,0,19
BRDA:37,4,1,17
BRDA:37,5,0,36
BRDA:37,5,1,22
BRDA:62,6,0,1
BRDA:62,6,1,7
BRDA:67,7,0,1
BRDA:67,7,1,6
BRF:18
BRH:18
end_of_record
TN:
SF:controllers\users.js
FN:12,(anonymous_0)
FN:40,(anonymous_1)
FN:77,(anonymous_2)
FN:162,(anonymous_3)
FN:206,(anonymous_4)
FN:210,(anonymous_5)
FN:215,(anonymous_6)
FN:224,(anonymous_7)
FNF:8
FNH:7
FNDA:7,(anonymous_0)
FNDA:16,(anonymous_1)
FNDA:18,(anonymous_2)
FNDA:22,(anonymous_3)
FNDA:56,(anonymous_4)
FNDA:6,(anonymous_5)
FNDA:10,(anonymous_6)
FNDA:0,(anonymous_7)
DA:1,3
DA:2,3
DA:3,3
DA:4,3
DA:5,3
DA:6,3
DA:7,3
DA:8,3
DA:9,3
DA:10,3
DA:12,3
DA:13,7
DA:14,7
DA:19,7
DA:20,3
DA:23,4
DA:25,4
DA:26,4
DA:34,3
DA:37,4
DA:40,3
DA:41,16
DA:42,16
DA:51,16
DA:52,96
DA:53,35
DA:54,5
DA:55,5
DA:57,30
DA:62,16
DA:63,1
DA:66,15
DA:67,15
DA:69,0
DA:74,15
DA:77,3
DA:78,18
DA:79,2
DA:82,16
DA:84,16
DA:86,16
DA:87,1
DA:88,1
DA:90,1
DA:95,1
DA:96,15
DA:97,1
DA:98,1
DA:99,1
DA:101,1
DA:102,1
DA:103,1
DA:105,1
DA:110,1
DA:112,14
DA:113,5
DA:116,9
DA:118,9
DA:119,4
DA:120,2
DA:128,2
DA:129,1
DA:134,1
DA:137,2
DA:140,5
DA:141,2
DA:149,2
DA:150,1
DA:155,1
DA:157,3
DA:162,3
DA:163,22
DA:165,22
DA:167,1
DA:169,21
DA:172,21
DA:174,21
DA:175,1
DA:180,20
DA:185,20
DA:186,20
DA:187,10
DA:188,10
DA:190,10
DA:192,10
DA:195,10
DA:197,10
DA:200,0
DA:203,10
DA:206,3
DA:207,56
DA:210,3
DA:211,6
DA:212,6
DA:215,3
DA:217,10
DA:218,4
DA:221,6
DA:224,3
DA:225,0
DA:230,3
LF:101
LH:98
BRDA:19,0,0,3
BRDA:19,0,1,4
BRDA:52,1,0,35
BRDA:52,1,1,61
BRDA:53,2,0,5
BRDA:53,2,1,30
BRDA:62,3,0,1
BRDA:62,3,1,15
BRDA:78,4,0,2
BRDA:78,4,1,16
BRDA:86,5,0,1
BRDA:86,5,1,15
BRDA:96,6,0,1
BRDA:96,6,1,14
BRDA:112,7,0,5
BRDA:112,7,1,9
BRDA:112,8,0,14
BRDA:112,8,1,11
BRDA:118,9,0,4
BRDA:118,9,1,5
BRDA:119,10,0,2
BRDA:119,10,1,2
BRDA:128,11,0,1
BRDA:128,11,1,1
BRDA:140,12,0,2
BRDA:140,12,1,3
BRDA:149,13,0,1
BRDA:149,13,1,1
BRDA:165,14,0,1
BRDA:165,14,1,21
BRDA:165,15,0,22
BRDA:165,15,1,11
BRDA:174,16,0,1
BRDA:174,16,1,20
BRDA:174,17,0,21
BRDA:174,17,1,20
BRDA:174,17,2,8
BRDA:186,18,0,10
BRDA:186,18,1,10
BRDA:217,19,0,4
BRDA:217,19,1,6
BRF:41
BRH:41
end_of_record
