TN:
SF:controllers\entries.js
FN:8,(anonymous_0)
FN:28,(anonymous_1)
FN:71,(anonymous_2)
FNF:3
FNH:1
FNDA:4,(anonymous_0)
FNDA:0,(anonymous_1)
FNDA:0,(anonymous_2)
DA:1,3
DA:3,3
DA:4,3
DA:5,3
DA:6,3
DA:8,3
DA:9,4
DA:11,4
DA:12,4
DA:14,1
DA:17,3
DA:18,1
DA:21,2
DA:22,1
DA:25,1
DA:28,3
DA:29,0
DA:31,0
DA:32,0
DA:33,0
DA:34,0
DA:35,0
DA:37,0
DA:40,0
DA:43,0
DA:44,0
DA:46,0
DA:49,0
DA:50,0
DA:52,0
DA:53,0
DA:59,0
DA:61,0
DA:64,0
DA:65,0
DA:67,0
DA:71,3
DA:72,0
DA:73,0
DA:75,0
DA:77,0
DA:78,0
DA:80,0
DA:81,0
DA:83,0
DA:84,0
DA:88,3
LF:47
LH:18
BRDA:17,0,0,1
BRDA:17,0,1,2
BRDA:21,1,0,1
BRDA:21,1,1,1
BRDA:31,2,0,0
BRDA:31,2,1,0
BRDA:32,3,0,0
BRDA:32,3,1,0
BRDA:34,4,0,0
BRDA:34,4,1,0
BRDA:43,5,0,0
BRDA:43,5,1,0
BRDA:77,6,0,0
BRDA:77,6,1,0
BRDA:80,7,0,0
BRDA:80,7,1,0
BRDA:83,8,0,0
BRDA:83,8,1,0
BRF:18
BRH:4
end_of_record
TN:
SF:controllers\habits.js
FN:8,(anonymous_0)
FN:51,(anonymous_1)
FNF:2
FNH:2
FNDA:14,(anonymous_0)
FNDA:4,(anonymous_1)
DA:1,3
DA:2,3
DA:3,3
DA:4,3
DA:5,3
DA:8,3
DA:9,14
DA:12,14
DA:13,14
DA:15,1
DA:19,13
DA:20,1
DA:24,12
DA:25,1
DA:28,11
DA:29,11
DA:30,2
DA:33,9
DA:34,9
DA:36,9
DA:37,36
DA:38,19
DA:42,9
DA:43,9
DA:45,0
DA:48,9
DA:51,3
DA:52,4
DA:55,4
DA:56,4
DA:58,1
DA:62,3
DA:63,1
DA:67,2
DA:68,1
DA:76,1
DA:77,1
DA:79,1
DA:80,1
DA:82,1
DA:87,1
DA:92,0
DA:95,1
DA:98,3
LF:44
LH:42
BRDA:19,0,0,1
BRDA:19,0,1,12
BRDA:24,1,0,1
BRDA:24,1,1,11
BRDA:29,2,0,2
BRDA:29,2,1,9
BRDA:29,3,0,11
BRDA:29,3,1,7
BRDA:29,3,2,4
BRDA:29,3,3,4
BRDA:37,4,0,19
BRDA:37,4,1,17
BRDA:37,5,0,36
BRDA:37,5,1,22
BRDA:62,6,0,1
BRDA:62,6,1,2
BRDA:67,7,0,1
BRDA:67,7,1,1
BRF:18
BRH:18
end_of_record
TN:
SF:controllers\users.js
FN:11,(anonymous_0)
FN:39,(anonymous_1)
FN:76,(anonymous_2)
FN:147,(anonymous_3)
FN:191,(anonymous_4)
FN:195,(anonymous_5)
FN:200,(anonymous_6)
FN:209,(anonymous_7)
FNF:8
FNH:6
FNDA:7,(anonymous_0)
FNDA:11,(anonymous_1)
FNDA:0,(anonymous_2)
FNDA:4,(anonymous_3)
FNDA:24,(anonymous_4)
FNDA:6,(anonymous_5)
FNDA:10,(anonymous_6)
FNDA:0,(anonymous_7)
DA:1,3
DA:2,3
DA:3,3
DA:4,3
DA:5,3
DA:6,3
DA:7,3
DA:8,3
DA:9,3
DA:11,3
DA:12,7
DA:13,7
DA:18,7
DA:19,3
DA:22,4
DA:24,4
DA:25,4
DA:33,3
DA:36,4
DA:39,3
DA:40,11
DA:41,11
DA:50,11
DA:51,66
DA:52,20
DA:53,0
DA:54,0
DA:56,20
DA:61,11
DA:62,1
DA:65,10
DA:66,10
DA:68,0
DA:73,10
DA:76,3
DA:77,0
DA:78,0
DA:79,0
DA:80,0
DA:81,0
DA:82,0
DA:83,0
DA:86,0
DA:87,0
DA:89,0
DA:90,0
DA:91,0
DA:92,0
DA:94,0
DA:96,0
DA:97,0
DA:98,0
DA:100,0
DA:104,0
DA:105,0
DA:106,0
DA:110,0
DA:113,0
DA:114,0
DA:117,0
DA:118,0
DA:119,0
DA:120,0
DA:124,0
DA:126,0
DA:130,0
DA:131,0
DA:132,0
DA:136,0
DA:138,0
DA:143,0
DA:147,3
DA:148,4
DA:150,4
DA:152,1
DA:154,3
DA:157,3
DA:159,3
DA:160,1
DA:165,2
DA:167,2
DA:168,2
DA:170,2
DA:171,2
DA:172,1
DA:173,1
DA:175,1
DA:177,1
DA:180,1
DA:182,1
DA:185,0
DA:188,1
DA:191,3
DA:192,24
DA:195,3
DA:196,6
DA:197,6
DA:200,3
DA:202,10
DA:203,4
DA:206,6
DA:209,3
DA:210,0
DA:215,3
LF:104
LH:63
BRDA:18,0,0,3
BRDA:18,0,1,4
BRDA:51,1,0,20
BRDA:51,1,1,46
BRDA:52,2,0,0
BRDA:52,2,1,20
BRDA:61,3,0,1
BRDA:61,3,1,10
BRDA:77,4,0,0
BRDA:86,5,0,0
BRDA:86,5,1,0
BRDA:90,6,0,0
BRDA:90,6,1,0
BRDA:105,7,0,0
BRDA:105,7,1,0
BRDA:113,8,0,0
BRDA:113,8,1,0
BRDA:113,9,0,0
BRDA:113,9,1,0
BRDA:117,10,0,0
BRDA:117,10,1,0
BRDA:119,11,0,0
BRDA:119,11,1,0
BRDA:131,12,0,0
BRDA:131,12,1,0
BRDA:150,13,0,1
BRDA:150,13,1,3
BRDA:150,14,0,4
BRDA:150,14,1,2
BRDA:159,15,0,1
BRDA:159,15,1,2
BRDA:159,16,0,3
BRDA:159,16,1,1
BRDA:167,17,0,2
BRDA:167,17,1,0
BRDA:168,18,0,2
BRDA:168,18,1,0
BRDA:171,19,0,1
BRDA:171,19,1,1
BRDA:202,20,0,4
BRDA:202,20,1,6
BRF:41
BRH:21
end_of_record
